{
"/Users/atardadi/git/playalong_web/app/pages/tuner/AudioContextMonkeyPatch.js":{"path":"/Users/atardadi/git/playalong_web/app/pages/tuner/AudioContextMonkeyPatch.js","s":{"1":1,"2":1,"3":0,"4":0,"5":0,"6":0,"7":1,"8":0,"9":0,"10":0,"11":0,"12":0,"13":0,"14":0,"15":0,"16":0,"17":0,"18":0,"19":0,"20":0,"21":0,"22":0,"23":0,"24":0,"25":0,"26":0,"27":0,"28":0,"29":0,"30":0,"31":0,"32":0,"33":0,"34":0,"35":0,"36":0,"37":0,"38":0,"39":0,"40":0,"41":0,"42":0,"43":0,"44":0,"45":0,"46":0,"47":0,"48":0,"49":0,"50":0,"51":0,"52":0,"53":0,"54":0,"55":0,"56":0,"57":0,"58":0,"59":0,"60":0,"61":0,"62":0,"63":0,"64":0,"65":0},"b":{"1":[0,0],"2":[0,0],"3":[0,1],"4":[1,0],"5":[0,0],"6":[0,0],"7":[0,0],"8":[0,0],"9":[0,0],"10":[0,0],"11":[0,0],"12":[0,0],"13":[0,0],"14":[0,0]},"f":{"1":1,"2":0,"3":0,"4":0,"5":0,"6":0,"7":0,"8":0,"9":0},"fnMap":{"1":{"name":"(anonymous_1)","line":48,"loc":{"start":{"line":48,"column":1},"end":{"line":48,"column":34}}},"2":{"name":"fixSetTarget","line":51,"loc":{"start":{"line":51,"column":2},"end":{"line":51,"column":31}}},"3":{"name":"(anonymous_3)","line":70,"loc":{"start":{"line":70,"column":40},"end":{"line":70,"column":51}}},"4":{"name":"(anonymous_4)","line":77,"loc":{"start":{"line":77,"column":41},"end":{"line":77,"column":64}}},"5":{"name":"(anonymous_5)","line":84,"loc":{"start":{"line":84,"column":48},"end":{"line":84,"column":59}}},"6":{"name":"(anonymous_6)","line":87,"loc":{"start":{"line":87,"column":21},"end":{"line":87,"column":57}}},"7":{"name":"(anonymous_7)","line":101,"loc":{"start":{"line":101,"column":54},"end":{"line":101,"column":65}}},"8":{"name":"(anonymous_8)","line":113,"loc":{"start":{"line":113,"column":48},"end":{"line":113,"column":59}}},"9":{"name":"(anonymous_9)","line":124,"loc":{"start":{"line":124,"column":48},"end":{"line":124,"column":59}}}},"statementMap":{"1":{"start":{"line":48,"column":0},"end":{"line":136,"column":11}},"2":{"start":{"line":51,"column":2},"end":{"line":56,"column":3}},"3":{"start":{"line":52,"column":4},"end":{"line":53,"column":13}},"4":{"start":{"line":53,"column":6},"end":{"line":53,"column":13}},"5":{"start":{"line":54,"column":4},"end":{"line":55,"column":57}},"6":{"start":{"line":55,"column":6},"end":{"line":55,"column":57}},"7":{"start":{"line":58,"column":2},"end":{"line":135,"column":3}},"8":{"start":{"line":60,"column":4},"end":{"line":60,"column":45}},"9":{"start":{"line":62,"column":4},"end":{"line":63,"column":80}},"10":{"start":{"line":63,"column":6},"end":{"line":63,"column":80}},"11":{"start":{"line":64,"column":4},"end":{"line":65,"column":82}},"12":{"start":{"line":65,"column":6},"end":{"line":65,"column":82}},"13":{"start":{"line":66,"column":4},"end":{"line":67,"column":97}},"14":{"start":{"line":67,"column":6},"end":{"line":67,"column":97}},"15":{"start":{"line":69,"column":4},"end":{"line":69,"column":83}},"16":{"start":{"line":70,"column":4},"end":{"line":74,"column":6}},"17":{"start":{"line":71,"column":6},"end":{"line":71,"column":44}},"18":{"start":{"line":72,"column":6},"end":{"line":72,"column":30}},"19":{"start":{"line":73,"column":6},"end":{"line":73,"column":18}},"20":{"start":{"line":76,"column":4},"end":{"line":76,"column":85}},"21":{"start":{"line":77,"column":4},"end":{"line":81,"column":6}},"22":{"start":{"line":78,"column":6},"end":{"line":78,"column":57}},"23":{"start":{"line":79,"column":6},"end":{"line":79,"column":35}},"24":{"start":{"line":80,"column":6},"end":{"line":80,"column":18}},"25":{"start":{"line":83,"column":4},"end":{"line":83,"column":99}},"26":{"start":{"line":84,"column":4},"end":{"line":98,"column":6}},"27":{"start":{"line":85,"column":6},"end":{"line":85,"column":52}},"28":{"start":{"line":86,"column":6},"end":{"line":93,"column":7}},"29":{"start":{"line":87,"column":8},"end":{"line":92,"column":9}},"30":{"start":{"line":88,"column":10},"end":{"line":91,"column":32}},"31":{"start":{"line":89,"column":12},"end":{"line":89,"column":55}},"32":{"start":{"line":91,"column":12},"end":{"line":91,"column":32}},"33":{"start":{"line":94,"column":6},"end":{"line":95,"column":33}},"34":{"start":{"line":95,"column":8},"end":{"line":95,"column":33}},"35":{"start":{"line":96,"column":6},"end":{"line":96,"column":38}},"36":{"start":{"line":97,"column":6},"end":{"line":97,"column":18}},"37":{"start":{"line":100,"column":4},"end":{"line":100,"column":111}},"38":{"start":{"line":101,"column":4},"end":{"line":110,"column":6}},"39":{"start":{"line":102,"column":6},"end":{"line":102,"column":58}},"40":{"start":{"line":103,"column":6},"end":{"line":103,"column":35}},"41":{"start":{"line":104,"column":6},"end":{"line":104,"column":30}},"42":{"start":{"line":105,"column":6},"end":{"line":105,"column":31}},"43":{"start":{"line":106,"column":6},"end":{"line":106,"column":35}},"44":{"start":{"line":107,"column":6},"end":{"line":107,"column":32}},"45":{"start":{"line":108,"column":6},"end":{"line":108,"column":33}},"46":{"start":{"line":109,"column":6},"end":{"line":109,"column":18}},"47":{"start":{"line":112,"column":4},"end":{"line":112,"column":99}},"48":{"start":{"line":113,"column":4},"end":{"line":120,"column":6}},"49":{"start":{"line":114,"column":6},"end":{"line":114,"column":52}},"50":{"start":{"line":115,"column":6},"end":{"line":115,"column":35}},"51":{"start":{"line":116,"column":6},"end":{"line":116,"column":32}},"52":{"start":{"line":117,"column":6},"end":{"line":117,"column":27}},"53":{"start":{"line":118,"column":6},"end":{"line":118,"column":30}},"54":{"start":{"line":119,"column":6},"end":{"line":119,"column":18}},"55":{"start":{"line":122,"column":4},"end":{"line":134,"column":5}},"56":{"start":{"line":123,"column":6},"end":{"line":123,"column":97}},"57":{"start":{"line":124,"column":6},"end":{"line":133,"column":8}},"58":{"start":{"line":125,"column":8},"end":{"line":125,"column":52}},"59":{"start":{"line":126,"column":8},"end":{"line":127,"column":35}},"60":{"start":{"line":127,"column":10},"end":{"line":127,"column":35}},"61":{"start":{"line":128,"column":8},"end":{"line":129,"column":35}},"62":{"start":{"line":129,"column":10},"end":{"line":129,"column":35}},"63":{"start":{"line":130,"column":8},"end":{"line":130,"column":37}},"64":{"start":{"line":131,"column":8},"end":{"line":131,"column":34}},"65":{"start":{"line":132,"column":8},"end":{"line":132,"column":20}}},"branchMap":{"1":{"line":52,"type":"if","locations":[{"start":{"line":52,"column":4},"end":{"line":52,"column":4}},{"start":{"line":52,"column":4},"end":{"line":52,"column":4}}]},"2":{"line":54,"type":"if","locations":[{"start":{"line":54,"column":4},"end":{"line":54,"column":4}},{"start":{"line":54,"column":4},"end":{"line":54,"column":4}}]},"3":{"line":58,"type":"if","locations":[{"start":{"line":58,"column":2},"end":{"line":58,"column":2}},{"start":{"line":58,"column":2},"end":{"line":58,"column":2}}]},"4":{"line":58,"type":"binary-expr","locations":[{"start":{"line":58,"column":6},"end":{"line":58,"column":49}},{"start":{"line":59,"column":6},"end":{"line":59,"column":44}}]},"5":{"line":62,"type":"if","locations":[{"start":{"line":62,"column":4},"end":{"line":62,"column":4}},{"start":{"line":62,"column":4},"end":{"line":62,"column":4}}]},"6":{"line":64,"type":"if","locations":[{"start":{"line":64,"column":4},"end":{"line":64,"column":4}},{"start":{"line":64,"column":4},"end":{"line":64,"column":4}}]},"7":{"line":66,"type":"if","locations":[{"start":{"line":66,"column":4},"end":{"line":66,"column":4}},{"start":{"line":66,"column":4},"end":{"line":66,"column":4}}]},"8":{"line":86,"type":"if","locations":[{"start":{"line":86,"column":6},"end":{"line":86,"column":6}},{"start":{"line":86,"column":6},"end":{"line":86,"column":6}}]},"9":{"line":88,"type":"if","locations":[{"start":{"line":88,"column":10},"end":{"line":88,"column":10}},{"start":{"line":88,"column":10},"end":{"line":88,"column":10}}]},"10":{"line":88,"type":"binary-expr","locations":[{"start":{"line":88,"column":15},"end":{"line":88,"column":21}},{"start":{"line":88,"column":25},"end":{"line":88,"column":33}}]},"11":{"line":94,"type":"if","locations":[{"start":{"line":94,"column":6},"end":{"line":94,"column":6}},{"start":{"line":94,"column":6},"end":{"line":94,"column":6}}]},"12":{"line":122,"type":"if","locations":[{"start":{"line":122,"column":4},"end":{"line":122,"column":4}},{"start":{"line":122,"column":4},"end":{"line":122,"column":4}}]},"13":{"line":126,"type":"if","locations":[{"start":{"line":126,"column":8},"end":{"line":126,"column":8}},{"start":{"line":126,"column":8},"end":{"line":126,"column":8}}]},"14":{"line":128,"type":"if","locations":[{"start":{"line":128,"column":8},"end":{"line":128,"column":8}},{"start":{"line":128,"column":8},"end":{"line":128,"column":8}}]}},"l":{"48":1,"51":1,"52":0,"53":0,"54":0,"55":0,"58":1,"60":0,"62":0,"63":0,"64":0,"65":0,"66":0,"67":0,"69":0,"70":0,"71":0,"72":0,"73":0,"76":0,"77":0,"78":0,"79":0,"80":0,"83":0,"84":0,"85":0,"86":0,"87":0,"88":0,"89":0,"91":0,"94":0,"95":0,"96":0,"97":0,"100":0,"101":0,"102":0,"103":0,"104":0,"105":0,"106":0,"107":0,"108":0,"109":0,"112":0,"113":0,"114":0,"115":0,"116":0,"117":0,"118":0,"119":0,"122":0,"123":0,"124":0,"125":0,"126":0,"127":0,"128":0,"129":0,"130":0,"131":0,"132":0}},
"/Users/atardadi/git/playalong_web/app/pages/tuner/dsp.js":{"path":"/Users/atardadi/git/playalong_web/app/pages/tuner/dsp.js","s":{"1":1,"2":1,"3":4,"4":0,"5":0,"6":0,"7":0,"8":0,"9":0,"10":0,"11":1,"12":1,"13":1,"14":1,"15":1,"16":0,"17":0,"18":0,"19":1,"20":0,"21":0,"22":0,"23":0,"24":0,"25":0,"26":0,"27":1,"28":1,"29":1,"30":0,"31":0,"32":0,"33":1,"34":0,"35":0,"36":0,"37":1,"38":0,"39":0,"40":0,"41":1,"42":0,"43":0,"44":0,"45":0,"46":0,"47":0,"48":0,"49":0,"50":1,"51":1,"52":0,"53":0,"54":0,"55":0,"56":1,"57":1,"58":1,"59":1,"60":1,"61":1,"62":1,"63":1,"64":1,"65":1,"66":1,"67":1,"68":1,"69":0,"70":0,"71":0,"72":0,"73":1,"74":0,"75":0,"76":0,"77":0,"78":1,"79":0,"80":0,"81":0,"82":0,"83":0,"84":0,"85":0,"86":0,"87":0,"88":0,"89":0,"90":0,"91":0,"92":0,"93":0,"94":0,"95":0,"96":0,"97":0,"98":0,"99":1,"100":0,"101":0,"102":0,"103":0,"104":0,"105":0,"106":0,"107":0,"108":1,"109":0,"110":0,"111":0,"112":0,"113":0,"114":0,"115":0,"116":0,"117":0,"118":0,"119":1,"120":0,"121":0,"122":0,"123":0,"124":0,"125":0,"126":0,"127":0,"128":0,"129":0,"130":0,"131":0,"132":0,"133":0,"134":0,"135":1,"136":0,"137":0,"138":0,"139":0,"140":0,"141":0,"142":0,"143":0,"144":0,"145":0,"146":0,"147":0,"148":0,"149":0,"150":0,"151":0,"152":0,"153":0,"154":0,"155":0,"156":0,"157":0,"158":0,"159":0,"160":0,"161":0,"162":0,"163":0,"164":0,"165":0,"166":0,"167":1,"168":0,"169":0,"170":0,"171":0,"172":0,"173":0,"174":0,"175":0,"176":0,"177":0,"178":0,"179":0,"180":0,"181":0,"182":0,"183":0,"184":0,"185":0,"186":0,"187":0,"188":0,"189":0,"190":0,"191":0,"192":0,"193":0,"194":0,"195":0,"196":0,"197":0,"198":0,"199":0,"200":0,"201":0,"202":0,"203":0,"204":0,"205":1,"206":0,"207":0,"208":0,"209":0,"210":0,"211":0,"212":0,"213":0,"214":0,"215":0,"216":0,"217":0,"218":0,"219":0,"220":0,"221":0,"222":0,"223":0,"224":0,"225":0,"226":0,"227":0,"228":0,"229":0,"230":0,"231":0,"232":0,"233":0,"234":0,"235":0,"236":0,"237":0,"238":0,"239":0,"240":0,"241":0,"242":0,"243":0,"244":1,"245":0,"246":0,"247":0,"248":0,"249":0,"250":0,"251":0,"252":0,"253":0,"254":0,"255":0,"256":0,"257":0,"258":0,"259":0,"260":0,"261":0,"262":0,"263":0,"264":0,"265":0,"266":0,"267":0,"268":0,"269":0,"270":0,"271":0,"272":0,"273":0,"274":0,"275":0,"276":0,"277":0,"278":0,"279":0,"280":0,"281":0,"282":0,"283":0,"284":0,"285":0,"286":0,"287":0,"288":0,"289":0,"290":0,"291":0,"292":0,"293":0,"294":0,"295":0,"296":0,"297":0,"298":0,"299":0,"300":0,"301":0,"302":0,"303":0,"304":0,"305":0,"306":0,"307":0,"308":0,"309":0,"310":0,"311":0,"312":0,"313":0,"314":0,"315":0,"316":0,"317":0,"318":0,"319":0,"320":0,"321":0,"322":0,"323":0,"324":0,"325":0,"326":0,"327":0,"328":0,"329":0,"330":0,"331":0,"332":0,"333":0,"334":0,"335":0,"336":0,"337":0,"338":0,"339":0,"340":0,"341":0,"342":0,"343":0,"344":0,"345":1,"346":0,"347":0,"348":0,"349":0,"350":0,"351":0,"352":0,"353":0,"354":0,"355":0,"356":0,"357":0,"358":0,"359":0,"360":0,"361":0,"362":0,"363":0,"364":0,"365":0,"366":0,"367":0,"368":0,"369":0,"370":0,"371":0,"372":0,"373":0,"374":0,"375":0,"376":0,"377":0,"378":0,"379":0,"380":0,"381":0,"382":0,"383":1,"384":0,"385":0,"386":1,"387":0,"388":0,"389":0,"390":0,"391":0,"392":0,"393":0,"394":0,"395":0,"396":0,"397":0,"398":0,"399":0,"400":0,"401":0,"402":0,"403":0,"404":0,"405":0,"406":0,"407":0,"408":0,"409":0,"410":0,"411":0,"412":0,"413":0,"414":0,"415":0,"416":1,"417":0,"418":0,"419":0,"420":0,"421":1,"422":0,"423":0,"424":1,"425":0,"426":0,"427":0,"428":0,"429":0,"430":0,"431":0,"432":0,"433":0,"434":0,"435":0,"436":0,"437":0,"438":0,"439":0,"440":0,"441":0,"442":0,"443":0,"444":0,"445":0,"446":0,"447":0,"448":0,"449":0,"450":0,"451":0,"452":0,"453":0,"454":1,"455":0,"456":0,"457":0,"458":1,"459":0,"460":0,"461":1,"462":0,"463":0,"464":0,"465":1,"466":0,"467":0,"468":0,"469":0,"470":0,"471":1,"472":0,"473":1,"474":0,"475":1,"476":0,"477":1,"478":0,"479":0,"480":0,"481":0,"482":0,"483":0,"484":0,"485":0,"486":1,"487":0,"488":1,"489":0,"490":1,"491":0,"492":1,"493":0,"494":1,"495":1,"496":0,"497":0,"498":0,"499":0,"500":0,"501":0,"502":0,"503":0,"504":0,"505":0,"506":0,"507":0,"508":0,"509":0,"510":0,"511":0,"512":0,"513":0,"514":1,"515":0,"516":0,"517":0,"518":1,"519":0,"520":0,"521":1,"522":0,"523":0,"524":0,"525":0,"526":0,"527":0,"528":0,"529":0,"530":0,"531":0,"532":1,"533":0,"534":0,"535":0,"536":0,"537":0,"538":0,"539":0,"540":0,"541":0,"542":0,"543":1,"544":0,"545":0,"546":0,"547":0,"548":1,"549":0,"550":0,"551":0,"552":1,"553":0,"554":1,"555":0,"556":0,"557":0,"558":0,"559":1,"560":0,"561":1,"562":0,"563":1,"564":0,"565":1,"566":0,"567":1,"568":0,"569":0,"570":0,"571":1,"572":0,"573":0,"574":0,"575":0,"576":0,"577":0,"578":0,"579":0,"580":0,"581":0,"582":0,"583":0,"584":0,"585":0,"586":0,"587":0,"588":0,"589":0,"590":0,"591":0,"592":0,"593":1,"594":0,"595":1,"596":0,"597":0,"598":0,"599":0,"600":0,"601":0,"602":0,"603":0,"604":0,"605":0,"606":0,"607":0,"608":0,"609":1,"610":0,"611":0,"612":0,"613":0,"614":0,"615":0,"616":0,"617":0,"618":0,"619":0,"620":0,"621":0,"622":0,"623":0,"624":0,"625":0,"626":0,"627":0,"628":1,"629":0,"630":0,"631":0,"632":1,"633":0,"634":1,"635":0,"636":0,"637":0,"638":0,"639":0,"640":0,"641":0,"642":0,"643":0,"644":0,"645":0,"646":0,"647":0,"648":0,"649":0,"650":0,"651":0,"652":0,"653":0,"654":0,"655":0,"656":0,"657":0,"658":0,"659":1,"660":0,"661":0,"662":0,"663":0,"664":1,"665":0,"666":1,"667":0,"668":1,"669":0,"670":0,"671":0,"672":0,"673":1,"674":0,"675":1,"676":0,"677":1,"678":0,"679":1,"680":0,"681":1,"682":0,"683":0,"684":1,"685":0,"686":1,"687":0,"688":1,"689":0,"690":1,"691":0,"692":0,"693":0,"694":0,"695":0,"696":0,"697":0,"698":0,"699":0,"700":0,"701":0,"702":0,"703":0,"704":0,"705":0,"706":0,"707":0,"708":0,"709":0,"710":0,"711":0,"712":0,"713":0,"714":0,"715":0,"716":0,"717":0,"718":0,"719":0,"720":0,"721":0,"722":0,"723":0,"724":0,"725":0,"726":0,"727":0,"728":0,"729":0,"730":0,"731":0,"732":0,"733":0,"734":0,"735":0,"736":0,"737":0,"738":0,"739":0,"740":0,"741":0,"742":0,"743":0,"744":0,"745":0,"746":0,"747":0,"748":0,"749":0,"750":0,"751":0,"752":0,"753":0,"754":0,"755":0,"756":0,"757":0,"758":0,"759":0,"760":0,"761":0,"762":0,"763":0,"764":0,"765":0,"766":0,"767":0,"768":0,"769":0,"770":0,"771":0,"772":0,"773":0,"774":0,"775":0,"776":0,"777":0,"778":0,"779":0,"780":0,"781":0,"782":0,"783":0,"784":0,"785":0,"786":0,"787":0,"788":0,"789":0,"790":0,"791":0,"792":0,"793":0,"794":0,"795":0,"796":0,"797":0,"798":0,"799":0,"800":0,"801":0,"802":0,"803":0,"804":0,"805":0,"806":0,"807":0,"808":0,"809":0,"810":0,"811":0,"812":0,"813":0,"814":0,"815":0,"816":0,"817":0,"818":0,"819":0,"820":0,"821":0,"822":0,"823":0,"824":0,"825":0,"826":0,"827":0,"828":0,"829":0,"830":0,"831":0,"832":0,"833":0,"834":0,"835":0,"836":0,"837":0,"838":0,"839":0,"840":0,"841":0,"842":0,"843":0,"844":0,"845":0,"846":0,"847":0,"848":0,"849":0,"850":0,"851":0,"852":0,"853":0,"854":0,"855":0,"856":0,"857":0,"858":0,"859":1,"860":0,"861":0,"862":0,"863":0,"864":0,"865":0,"866":0,"867":0,"868":1,"869":0,"870":0,"871":0,"872":0,"873":0,"874":0,"875":0,"876":0,"877":0,"878":0,"879":0,"880":0,"881":0,"882":0,"883":0,"884":0,"885":0,"886":0,"887":0,"888":0,"889":1,"890":0,"891":0,"892":0,"893":0,"894":0,"895":0,"896":0,"897":0,"898":0,"899":0,"900":0,"901":0,"902":0,"903":0,"904":0,"905":0,"906":0,"907":0,"908":0,"909":0,"910":0,"911":0,"912":0,"913":0,"914":0,"915":0,"916":0,"917":0,"918":0,"919":0,"920":0,"921":0,"922":0,"923":0,"924":0,"925":0,"926":0,"927":0,"928":0,"929":0,"930":0,"931":0,"932":0,"933":0,"934":0,"935":0,"936":0,"937":0,"938":0,"939":0,"940":0,"941":0,"942":0,"943":0,"944":0,"945":0,"946":1,"947":0,"948":0,"949":0,"950":0,"951":0,"952":0,"953":1,"954":0,"955":0,"956":0,"957":0,"958":1,"959":0,"960":1,"961":0,"962":1,"963":0,"964":0,"965":0,"966":0,"967":0,"968":0,"969":0,"970":0,"971":0,"972":0,"973":0,"974":0,"975":0,"976":1,"977":0,"978":0,"979":0,"980":0,"981":0,"982":1,"983":0,"984":0,"985":0,"986":0,"987":1,"988":0,"989":1,"990":0,"991":0,"992":0,"993":0,"994":0,"995":0,"996":0,"997":0,"998":0,"999":0,"1000":0,"1001":0,"1002":1,"1003":0,"1004":0,"1005":0,"1006":0,"1007":0,"1008":0,"1009":0,"1010":0,"1011":0,"1012":0,"1013":0,"1014":0,"1015":0,"1016":0,"1017":0,"1018":0,"1019":0,"1020":0,"1021":1,"1022":0,"1023":0,"1024":0,"1025":0,"1026":0,"1027":0,"1028":0,"1029":0,"1030":1,"1031":0,"1032":1,"1033":0,"1034":1,"1035":0,"1036":0,"1037":0,"1038":0,"1039":0,"1040":0,"1041":1,"1042":0,"1043":0,"1044":0,"1045":1,"1046":0,"1047":0,"1048":0,"1049":0,"1050":0,"1051":0,"1052":0,"1053":0,"1054":0,"1055":0,"1056":0,"1057":0,"1058":0,"1059":0,"1060":0,"1061":0,"1062":0},"b":{"1":[0,4],"2":[4,0],"3":[0,0],"4":[0,0],"5":[0,0],"6":[0,0],"7":[0,0],"8":[0,0],"9":[0,0],"10":[0,0],"11":[0,0],"12":[0,0],"13":[0,0],"14":[0,0],"15":[0,0],"16":[0,0],"17":[0,0],"18":[0,0],"19":[0,0],"20":[0,0],"21":[0,0],"22":[0,0],"23":[0,0],"24":[0,0],"25":[0,0],"26":[0,0],"27":[0,0],"28":[0,0,0,0],"29":[0,0],"30":[0,0],"31":[0,0],"32":[0,0],"33":[0,0],"34":[0,0,0,0,0],"35":[0,0],"36":[0,0],"37":[0,0],"38":[0,0],"39":[0,0],"40":[0,0],"41":[0,0],"42":[0,0],"43":[0,0],"44":[0,0],"45":[0,0],"46":[0,0],"47":[0,0],"48":[0,0],"49":[0,0],"50":[0,0],"51":[0,0],"52":[0,0],"53":[0,0],"54":[0,0],"55":[0,0],"56":[0,0],"57":[0,0],"58":[0,0],"59":[0,0],"60":[0,0],"61":[0,0],"62":[0,0,0,0,0,0,0,0,0,0],"63":[0,0],"64":[0,0],"65":[0,0],"66":[0,0,0],"67":[0,0,0],"68":[0,0,0,0,0,0,0,0,0],"69":[0,0],"70":[0,0],"71":[0,0],"72":[0,0],"73":[0,0],"74":[0,0],"75":[0,0],"76":[0,0],"77":[0,0],"78":[0,0],"79":[0,0],"80":[0,0],"81":[0,0],"82":[0,0],"83":[0,0]},"f":{"1":4,"2":0,"3":0,"4":0,"5":1,"6":0,"7":0,"8":0,"9":0,"10":0,"11":0,"12":0,"13":0,"14":0,"15":0,"16":0,"17":0,"18":0,"19":0,"20":0,"21":0,"22":0,"23":0,"24":0,"25":0,"26":0,"27":0,"28":0,"29":0,"30":0,"31":0,"32":0,"33":0,"34":0,"35":0,"36":0,"37":0,"38":0,"39":0,"40":0,"41":0,"42":0,"43":0,"44":0,"45":0,"46":0,"47":0,"48":0,"49":0,"50":0,"51":0,"52":0,"53":0,"54":0,"55":0,"56":0,"57":0,"58":0,"59":0,"60":0,"61":0,"62":0,"63":0,"64":0,"65":0,"66":0,"67":0,"68":0,"69":0,"70":0,"71":0,"72":0,"73":0,"74":0,"75":0,"76":0,"77":0,"78":0,"79":0,"80":0,"81":0,"82":0,"83":0,"84":0,"85":0,"86":0,"87":0,"88":0,"89":0,"90":0,"91":0,"92":0,"93":0,"94":0,"95":0,"96":0,"97":0,"98":0,"99":0,"100":0,"101":0,"102":0,"103":0,"104":0,"105":0,"106":0,"107":0,"108":0,"109":0,"110":0,"111":0,"112":0,"113":0,"114":0,"115":0,"116":0,"117":0,"118":0,"119":0,"120":0,"121":0,"122":0,"123":0},"fnMap":{"1":{"name":"setupTypedArray","line":58,"loc":{"start":{"line":58,"column":0},"end":{"line":58,"column":41}}},"2":{"name":"(anonymous_2)","line":67,"loc":{"start":{"line":67,"column":19},"end":{"line":67,"column":33}}},"3":{"name":"(anonymous_3)","line":95,"loc":{"start":{"line":95,"column":13},"end":{"line":95,"column":30}}},"4":{"name":"(anonymous_4)","line":111,"loc":{"start":{"line":111,"column":17},"end":{"line":111,"column":39}}},"5":{"name":"(anonymous_5)","line":133,"loc":{"start":{"line":133,"column":20},"end":{"line":133,"column":31}}},"6":{"name":"(anonymous_6)","line":136,"loc":{"start":{"line":136,"column":33},"end":{"line":136,"column":50}}},"7":{"name":"(anonymous_7)","line":143,"loc":{"start":{"line":143,"column":34},"end":{"line":143,"column":51}}},"8":{"name":"(anonymous_8)","line":150,"loc":{"start":{"line":150,"column":35},"end":{"line":150,"column":52}}},"9":{"name":"(anonymous_9)","line":157,"loc":{"start":{"line":157,"column":9},"end":{"line":157,"column":35}}},"10":{"name":"(anonymous_10)","line":194,"loc":{"start":{"line":194,"column":23},"end":{"line":194,"column":87}}},"11":{"name":"(anonymous_11)","line":221,"loc":{"start":{"line":221,"column":10},"end":{"line":221,"column":27}}},"12":{"name":"(anonymous_12)","line":232,"loc":{"start":{"line":232,"column":11},"end":{"line":232,"column":28}}},"13":{"name":"FourierTransform","line":243,"loc":{"start":{"line":243,"column":0},"end":{"line":243,"column":50}}},"14":{"name":"(anonymous_14)","line":262,"loc":{"start":{"line":262,"column":26},"end":{"line":262,"column":42}}},"15":{"name":"(anonymous_15)","line":266,"loc":{"start":{"line":266,"column":27},"end":{"line":266,"column":38}}},"16":{"name":"DFT","line":299,"loc":{"start":{"line":299,"column":0},"end":{"line":299,"column":37}}},"17":{"name":"(anonymous_17)","line":322,"loc":{"start":{"line":322,"column":24},"end":{"line":322,"column":41}}},"18":{"name":"FFT","line":354,"loc":{"start":{"line":354,"column":0},"end":{"line":354,"column":37}}},"19":{"name":"(anonymous_19)","line":390,"loc":{"start":{"line":390,"column":24},"end":{"line":390,"column":41}}},"20":{"name":"(anonymous_20)","line":457,"loc":{"start":{"line":457,"column":24},"end":{"line":457,"column":45}}},"21":{"name":"RFFT","line":555,"loc":{"start":{"line":555,"column":0},"end":{"line":555,"column":38}}},"22":{"name":"(anonymous_22)","line":563,"loc":{"start":{"line":563,"column":27},"end":{"line":563,"column":51}}},"23":{"name":"(anonymous_23)","line":593,"loc":{"start":{"line":593,"column":30},"end":{"line":593,"column":42}}},"24":{"name":"(anonymous_24)","line":642,"loc":{"start":{"line":642,"column":25},"end":{"line":642,"column":42}}},"25":{"name":"Sampler","line":831,"loc":{"start":{"line":831,"column":0},"end":{"line":831,"column":97}}},"26":{"name":"(anonymous_26)","line":856,"loc":{"start":{"line":856,"column":21},"end":{"line":856,"column":37}}},"27":{"name":"(anonymous_27)","line":863,"loc":{"start":{"line":863,"column":22},"end":{"line":863,"column":33}}},"28":{"name":"(anonymous_28)","line":869,"loc":{"start":{"line":869,"column":22},"end":{"line":869,"column":33}}},"29":{"name":"(anonymous_29)","line":881,"loc":{"start":{"line":881,"column":34},"end":{"line":881,"column":45}}},"30":{"name":"(anonymous_30)","line":886,"loc":{"start":{"line":886,"column":29},"end":{"line":886,"column":40}}},"31":{"name":"(anonymous_31)","line":938,"loc":{"start":{"line":938,"column":28},"end":{"line":938,"column":48}}},"32":{"name":"(anonymous_32)","line":945,"loc":{"start":{"line":945,"column":26},"end":{"line":945,"column":37}}},"33":{"name":"Oscillator","line":961,"loc":{"start":{"line":961,"column":0},"end":{"line":961,"column":72}}},"34":{"name":"(anonymous_34)","line":995,"loc":{"start":{"line":995,"column":27},"end":{"line":995,"column":38}}},"35":{"name":"(anonymous_35)","line":1021,"loc":{"start":{"line":1021,"column":30},"end":{"line":1021,"column":50}}},"36":{"name":"(anonymous_36)","line":1034,"loc":{"start":{"line":1034,"column":31},"end":{"line":1034,"column":51}}},"37":{"name":"(anonymous_37)","line":1040,"loc":{"start":{"line":1040,"column":27},"end":{"line":1040,"column":48}}},"38":{"name":"(anonymous_38)","line":1050,"loc":{"start":{"line":1050,"column":33},"end":{"line":1050,"column":50}}},"39":{"name":"(anonymous_39)","line":1070,"loc":{"start":{"line":1070,"column":35},"end":{"line":1070,"column":54}}},"40":{"name":"(anonymous_40)","line":1074,"loc":{"start":{"line":1074,"column":37},"end":{"line":1074,"column":48}}},"41":{"name":"(anonymous_41)","line":1078,"loc":{"start":{"line":1078,"column":31},"end":{"line":1078,"column":48}}},"42":{"name":"(anonymous_42)","line":1082,"loc":{"start":{"line":1082,"column":32},"end":{"line":1082,"column":43}}},"43":{"name":"(anonymous_43)","line":1100,"loc":{"start":{"line":1100,"column":18},"end":{"line":1100,"column":33}}},"44":{"name":"(anonymous_44)","line":1104,"loc":{"start":{"line":1104,"column":20},"end":{"line":1104,"column":35}}},"45":{"name":"(anonymous_45)","line":1108,"loc":{"start":{"line":1108,"column":17},"end":{"line":1108,"column":32}}},"46":{"name":"(anonymous_46)","line":1112,"loc":{"start":{"line":1112,"column":22},"end":{"line":1112,"column":37}}},"47":{"name":"(anonymous_47)","line":1116,"loc":{"start":{"line":1116,"column":19},"end":{"line":1116,"column":34}}},"48":{"name":"ADSR","line":1120,"loc":{"start":{"line":1120,"column":0},"end":{"line":1120,"column":97}}},"49":{"name":"(anonymous_49)","line":1137,"loc":{"start":{"line":1137,"column":16},"end":{"line":1137,"column":27}}},"50":{"name":"(anonymous_50)","line":1149,"loc":{"start":{"line":1149,"column":24},"end":{"line":1149,"column":35}}},"51":{"name":"(anonymous_51)","line":1156,"loc":{"start":{"line":1156,"column":25},"end":{"line":1156,"column":36}}},"52":{"name":"(anonymous_52)","line":1161,"loc":{"start":{"line":1161,"column":31},"end":{"line":1161,"column":48}}},"53":{"name":"(anonymous_53)","line":1177,"loc":{"start":{"line":1177,"column":23},"end":{"line":1177,"column":34}}},"54":{"name":"(anonymous_54)","line":1193,"loc":{"start":{"line":1193,"column":25},"end":{"line":1193,"column":42}}},"55":{"name":"(anonymous_55)","line":1204,"loc":{"start":{"line":1204,"column":26},"end":{"line":1204,"column":37}}},"56":{"name":"(anonymous_56)","line":1212,"loc":{"start":{"line":1212,"column":25},"end":{"line":1212,"column":36}}},"57":{"name":"IIRFilter","line":1216,"loc":{"start":{"line":1216,"column":0},"end":{"line":1216,"column":56}}},"58":{"name":"(anonymous_58)","line":1228,"loc":{"start":{"line":1228,"column":2},"end":{"line":1228,"column":13}}},"59":{"name":"(anonymous_59)","line":1234,"loc":{"start":{"line":1234,"column":2},"end":{"line":1234,"column":13}}},"60":{"name":"(anonymous_60)","line":1239,"loc":{"start":{"line":1239,"column":26},"end":{"line":1239,"column":54}}},"61":{"name":"(anonymous_61)","line":1243,"loc":{"start":{"line":1243,"column":30},"end":{"line":1243,"column":47}}},"62":{"name":"(anonymous_62)","line":1248,"loc":{"start":{"line":1248,"column":34},"end":{"line":1248,"column":53}}},"63":{"name":"(anonymous_63)","line":1256,"loc":{"start":{"line":1256,"column":17},"end":{"line":1256,"column":57}}},"64":{"name":"(anonymous_64)","line":1262,"loc":{"start":{"line":1262,"column":19},"end":{"line":1262,"column":47}}},"65":{"name":"(anonymous_65)","line":1274,"loc":{"start":{"line":1274,"column":17},"end":{"line":1274,"column":34}}},"66":{"name":"(anonymous_66)","line":1304,"loc":{"start":{"line":1304,"column":39},"end":{"line":1304,"column":58}}},"67":{"name":"IIRFilter2","line":1308,"loc":{"start":{"line":1308,"column":0},"end":{"line":1308,"column":57}}},"68":{"name":"(anonymous_68)","line":1320,"loc":{"start":{"line":1320,"column":19},"end":{"line":1320,"column":47}}},"69":{"name":"(anonymous_69)","line":1328,"loc":{"start":{"line":1328,"column":31},"end":{"line":1328,"column":48}}},"70":{"name":"(anonymous_70)","line":1358,"loc":{"start":{"line":1358,"column":35},"end":{"line":1358,"column":54}}},"71":{"name":"(anonymous_71)","line":1366,"loc":{"start":{"line":1366,"column":27},"end":{"line":1366,"column":55}}},"72":{"name":"WindowFunction","line":1372,"loc":{"start":{"line":1372,"column":0},"end":{"line":1372,"column":37}}},"73":{"name":"(anonymous_73)","line":1420,"loc":{"start":{"line":1420,"column":35},"end":{"line":1420,"column":52}}},"74":{"name":"(anonymous_74)","line":1428,"loc":{"start":{"line":1428,"column":26},"end":{"line":1428,"column":50}}},"75":{"name":"(anonymous_75)","line":1432,"loc":{"start":{"line":1432,"column":30},"end":{"line":1432,"column":54}}},"76":{"name":"(anonymous_76)","line":1436,"loc":{"start":{"line":1436,"column":26},"end":{"line":1436,"column":57}}},"77":{"name":"(anonymous_77)","line":1444,"loc":{"start":{"line":1444,"column":24},"end":{"line":1444,"column":48}}},"78":{"name":"(anonymous_78)","line":1448,"loc":{"start":{"line":1448,"column":23},"end":{"line":1448,"column":54}}},"79":{"name":"(anonymous_79)","line":1452,"loc":{"start":{"line":1452,"column":25},"end":{"line":1452,"column":49}}},"80":{"name":"(anonymous_80)","line":1456,"loc":{"start":{"line":1456,"column":22},"end":{"line":1456,"column":46}}},"81":{"name":"(anonymous_81)","line":1460,"loc":{"start":{"line":1460,"column":25},"end":{"line":1460,"column":49}}},"82":{"name":"(anonymous_82)","line":1465,"loc":{"start":{"line":1465,"column":29},"end":{"line":1465,"column":53}}},"83":{"name":"(anonymous_83)","line":1469,"loc":{"start":{"line":1469,"column":28},"end":{"line":1469,"column":52}}},"84":{"name":"sinh","line":1473,"loc":{"start":{"line":1473,"column":0},"end":{"line":1473,"column":20}}},"85":{"name":"Biquad","line":1492,"loc":{"start":{"line":1492,"column":0},"end":{"line":1492,"column":34}}},"86":{"name":"(anonymous_86)","line":1543,"loc":{"start":{"line":1543,"column":22},"end":{"line":1543,"column":33}}},"87":{"name":"(anonymous_87)","line":1549,"loc":{"start":{"line":1549,"column":23},"end":{"line":1549,"column":38}}},"88":{"name":"(anonymous_88)","line":1554,"loc":{"start":{"line":1554,"column":23},"end":{"line":1554,"column":38}}},"89":{"name":"(anonymous_89)","line":1559,"loc":{"start":{"line":1559,"column":14},"end":{"line":1559,"column":26}}},"90":{"name":"(anonymous_90)","line":1565,"loc":{"start":{"line":1565,"column":15},"end":{"line":1565,"column":28}}},"91":{"name":"(anonymous_91)","line":1571,"loc":{"start":{"line":1571,"column":14},"end":{"line":1571,"column":26}}},"92":{"name":"(anonymous_92)","line":1577,"loc":{"start":{"line":1577,"column":15},"end":{"line":1577,"column":30}}},"93":{"name":"(anonymous_93)","line":1582,"loc":{"start":{"line":1582,"column":19},"end":{"line":1582,"column":31}}},"94":{"name":"(anonymous_94)","line":1587,"loc":{"start":{"line":1587,"column":33},"end":{"line":1587,"column":44}}},"95":{"name":"(anonymous_95)","line":1719,"loc":{"start":{"line":1719,"column":17},"end":{"line":1719,"column":34}}},"96":{"name":"(anonymous_96)","line":1737,"loc":{"start":{"line":1737,"column":23},"end":{"line":1737,"column":40}}},"97":{"name":"(anonymous_97)","line":1773,"loc":{"start":{"line":1773,"column":13},"end":{"line":1773,"column":30}}},"98":{"name":"(anonymous_98)","line":1803,"loc":{"start":{"line":1803,"column":12},"end":{"line":1803,"column":30}}},"99":{"name":"GraphicalEq","line":1848,"loc":{"start":{"line":1848,"column":0},"end":{"line":1848,"column":33}}},"100":{"name":"(anonymous_100)","line":1860,"loc":{"start":{"line":1860,"column":28},"end":{"line":1860,"column":39}}},"101":{"name":"(anonymous_101)","line":1875,"loc":{"start":{"line":1875,"column":29},"end":{"line":1875,"column":44}}},"102":{"name":"(anonymous_102)","line":1880,"loc":{"start":{"line":1880,"column":29},"end":{"line":1880,"column":44}}},"103":{"name":"(anonymous_103)","line":1885,"loc":{"start":{"line":1885,"column":27},"end":{"line":1885,"column":43}}},"104":{"name":"(anonymous_104)","line":1890,"loc":{"start":{"line":1890,"column":21},"end":{"line":1890,"column":47}}},"105":{"name":"(anonymous_105)","line":1903,"loc":{"start":{"line":1903,"column":26},"end":{"line":1903,"column":46}}},"106":{"name":"(anonymous_106)","line":1925,"loc":{"start":{"line":1925,"column":17},"end":{"line":1925,"column":34}}},"107":{"name":"(anonymous_107)","line":1935,"loc":{"start":{"line":1935,"column":23},"end":{"line":1935,"column":40}}},"108":{"name":"MultiDelay","line":1964,"loc":{"start":{"line":1964,"column":0},"end":{"line":1964,"column":86}}},"109":{"name":"(anonymous_109)","line":1979,"loc":{"start":{"line":1979,"column":41},"end":{"line":1979,"column":67}}},"110":{"name":"(anonymous_110)","line":1994,"loc":{"start":{"line":1994,"column":39},"end":{"line":1994,"column":62}}},"111":{"name":"(anonymous_111)","line":2003,"loc":{"start":{"line":2003,"column":38},"end":{"line":2003,"column":60}}},"112":{"name":"(anonymous_112)","line":2014,"loc":{"start":{"line":2014,"column":31},"end":{"line":2014,"column":49}}},"113":{"name":"SingleDelay","line":2065,"loc":{"start":{"line":2065,"column":0},"end":{"line":2065,"column":73}}},"114":{"name":"(anonymous_114)","line":2079,"loc":{"start":{"line":2079,"column":42},"end":{"line":2079,"column":67}}},"115":{"name":"(anonymous_115)","line":2093,"loc":{"start":{"line":2093,"column":39},"end":{"line":2093,"column":61}}},"116":{"name":"(anonymous_116)","line":2105,"loc":{"start":{"line":2105,"column":32},"end":{"line":2105,"column":50}}},"117":{"name":"Reverb","line":2156,"loc":{"start":{"line":2156,"column":0},"end":{"line":2156,"column":108}}},"118":{"name":"(anonymous_118)","line":2191,"loc":{"start":{"line":2191,"column":37},"end":{"line":2191,"column":62}}},"119":{"name":"(anonymous_119)","line":2212,"loc":{"start":{"line":2212,"column":35},"end":{"line":2212,"column":58}}},"120":{"name":"(anonymous_120)","line":2221,"loc":{"start":{"line":2221,"column":32},"end":{"line":2221,"column":52}}},"121":{"name":"(anonymous_121)","line":2230,"loc":{"start":{"line":2230,"column":34},"end":{"line":2230,"column":56}}},"122":{"name":"(anonymous_122)","line":2249,"loc":{"start":{"line":2249,"column":36},"end":{"line":2249,"column":60}}},"123":{"name":"(anonymous_123)","line":2263,"loc":{"start":{"line":2263,"column":27},"end":{"line":2263,"column":56}}}},"statementMap":{"1":{"start":{"line":17,"column":0},"end":{"line":55,"column":2}},"2":{"start":{"line":58,"column":0},"end":{"line":76,"column":1}},"3":{"start":{"line":61,"column":2},"end":{"line":75,"column":3}},"4":{"start":{"line":63,"column":4},"end":{"line":74,"column":5}},"5":{"start":{"line":64,"column":6},"end":{"line":64,"column":34}},"6":{"start":{"line":67,"column":6},"end":{"line":73,"column":8}},"7":{"start":{"line":68,"column":8},"end":{"line":72,"column":9}},"8":{"start":{"line":69,"column":10},"end":{"line":69,"column":21}},"9":{"start":{"line":70,"column":15},"end":{"line":72,"column":9}},"10":{"start":{"line":71,"column":10},"end":{"line":71,"column":32}},"11":{"start":{"line":78,"column":0},"end":{"line":78,"column":51}},"12":{"start":{"line":79,"column":0},"end":{"line":79,"column":49}},"13":{"start":{"line":80,"column":0},"end":{"line":80,"column":59}},"14":{"start":{"line":81,"column":0},"end":{"line":81,"column":58}},"15":{"start":{"line":95,"column":0},"end":{"line":101,"column":2}},"16":{"start":{"line":96,"column":2},"end":{"line":98,"column":3}},"17":{"start":{"line":97,"column":4},"end":{"line":97,"column":20}},"18":{"start":{"line":100,"column":2},"end":{"line":100,"column":16}},"19":{"start":{"line":111,"column":0},"end":{"line":124,"column":2}},"20":{"start":{"line":112,"column":2},"end":{"line":114,"column":3}},"21":{"start":{"line":113,"column":4},"end":{"line":113,"column":56}},"22":{"start":{"line":116,"column":2},"end":{"line":116,"column":60}},"23":{"start":{"line":118,"column":2},"end":{"line":121,"column":3}},"24":{"start":{"line":119,"column":4},"end":{"line":119,"column":39}},"25":{"start":{"line":120,"column":4},"end":{"line":120,"column":40}},"26":{"start":{"line":123,"column":2},"end":{"line":123,"column":27}},"27":{"start":{"line":133,"column":0},"end":{"line":170,"column":5}},"28":{"start":{"line":134,"column":2},"end":{"line":134,"column":49}},"29":{"start":{"line":136,"column":2},"end":{"line":141,"column":4}},"30":{"start":{"line":137,"column":4},"end":{"line":139,"column":5}},"31":{"start":{"line":138,"column":6},"end":{"line":138,"column":49}},"32":{"start":{"line":140,"column":4},"end":{"line":140,"column":15}},"33":{"start":{"line":143,"column":2},"end":{"line":148,"column":4}},"34":{"start":{"line":144,"column":4},"end":{"line":146,"column":5}},"35":{"start":{"line":145,"column":6},"end":{"line":145,"column":29}},"36":{"start":{"line":147,"column":4},"end":{"line":147,"column":16}},"37":{"start":{"line":150,"column":2},"end":{"line":155,"column":4}},"38":{"start":{"line":151,"column":4},"end":{"line":153,"column":5}},"39":{"start":{"line":152,"column":6},"end":{"line":152,"column":32}},"40":{"start":{"line":154,"column":4},"end":{"line":154,"column":17}},"41":{"start":{"line":157,"column":2},"end":{"line":169,"column":4}},"42":{"start":{"line":158,"column":4},"end":{"line":158,"column":55}},"43":{"start":{"line":159,"column":4},"end":{"line":159,"column":55}},"44":{"start":{"line":160,"column":4},"end":{"line":160,"column":55}},"45":{"start":{"line":162,"column":4},"end":{"line":166,"column":5}},"46":{"start":{"line":163,"column":6},"end":{"line":163,"column":48}},"47":{"start":{"line":164,"column":6},"end":{"line":164,"column":48}},"48":{"start":{"line":165,"column":6},"end":{"line":165,"column":48}},"49":{"start":{"line":168,"column":4},"end":{"line":168,"column":48}},"50":{"start":{"line":180,"column":0},"end":{"line":180,"column":34}},"51":{"start":{"line":194,"column":0},"end":{"line":202,"column":2}},"52":{"start":{"line":195,"column":2},"end":{"line":195,"column":54}},"53":{"start":{"line":197,"column":2},"end":{"line":199,"column":3}},"54":{"start":{"line":198,"column":4},"end":{"line":198,"column":91}},"55":{"start":{"line":201,"column":2},"end":{"line":201,"column":23}},"56":{"start":{"line":205,"column":0},"end":{"line":205,"column":12}},"57":{"start":{"line":206,"column":0},"end":{"line":206,"column":12}},"58":{"start":{"line":207,"column":0},"end":{"line":207,"column":27}},"59":{"start":{"line":208,"column":0},"end":{"line":208,"column":26}},"60":{"start":{"line":209,"column":0},"end":{"line":209,"column":14}},"61":{"start":{"line":210,"column":0},"end":{"line":210,"column":12}},"62":{"start":{"line":211,"column":0},"end":{"line":211,"column":19}},"63":{"start":{"line":212,"column":0},"end":{"line":212,"column":18}},"64":{"start":{"line":213,"column":0},"end":{"line":213,"column":19}},"65":{"start":{"line":216,"column":0},"end":{"line":216,"column":10}},"66":{"start":{"line":217,"column":0},"end":{"line":217,"column":11}},"67":{"start":{"line":218,"column":0},"end":{"line":218,"column":10}},"68":{"start":{"line":221,"column":0},"end":{"line":229,"column":2}},"69":{"start":{"line":222,"column":2},"end":{"line":222,"column":16}},"70":{"start":{"line":224,"column":2},"end":{"line":226,"column":3}},"71":{"start":{"line":225,"column":4},"end":{"line":225,"column":35}},"72":{"start":{"line":228,"column":2},"end":{"line":228,"column":30}},"73":{"start":{"line":232,"column":0},"end":{"line":240,"column":2}},"74":{"start":{"line":233,"column":2},"end":{"line":233,"column":15}},"75":{"start":{"line":235,"column":2},"end":{"line":237,"column":3}},"76":{"start":{"line":236,"column":4},"end":{"line":236,"column":69}},"77":{"start":{"line":239,"column":2},"end":{"line":239,"column":14}},"78":{"start":{"line":243,"column":0},"end":{"line":289,"column":1}},"79":{"start":{"line":244,"column":2},"end":{"line":244,"column":31}},"80":{"start":{"line":245,"column":2},"end":{"line":245,"column":31}},"81":{"start":{"line":246,"column":2},"end":{"line":246,"column":52}},"82":{"start":{"line":248,"column":2},"end":{"line":248,"column":51}},"83":{"start":{"line":249,"column":2},"end":{"line":249,"column":49}},"84":{"start":{"line":250,"column":2},"end":{"line":250,"column":49}},"85":{"start":{"line":252,"column":2},"end":{"line":252,"column":22}},"86":{"start":{"line":253,"column":2},"end":{"line":253,"column":22}},"87":{"start":{"line":262,"column":2},"end":{"line":264,"column":4}},"88":{"start":{"line":263,"column":4},"end":{"line":263,"column":55}},"89":{"start":{"line":266,"column":2},"end":{"line":288,"column":4}},"90":{"start":{"line":267,"column":4},"end":{"line":274,"column":12}},"91":{"start":{"line":276,"column":4},"end":{"line":287,"column":5}},"92":{"start":{"line":277,"column":6},"end":{"line":277,"column":21}},"93":{"start":{"line":278,"column":6},"end":{"line":278,"column":21}},"94":{"start":{"line":279,"column":6},"end":{"line":279,"column":50}},"95":{"start":{"line":281,"column":6},"end":{"line":284,"column":7}},"96":{"start":{"line":282,"column":8},"end":{"line":282,"column":26}},"97":{"start":{"line":283,"column":8},"end":{"line":283,"column":24}},"98":{"start":{"line":286,"column":6},"end":{"line":286,"column":24}},"99":{"start":{"line":299,"column":0},"end":{"line":312,"column":1}},"100":{"start":{"line":300,"column":2},"end":{"line":300,"column":54}},"101":{"start":{"line":302,"column":2},"end":{"line":302,"column":36}},"102":{"start":{"line":303,"column":2},"end":{"line":303,"column":27}},"103":{"start":{"line":305,"column":2},"end":{"line":305,"column":38}},"104":{"start":{"line":306,"column":2},"end":{"line":306,"column":38}},"105":{"start":{"line":308,"column":2},"end":{"line":311,"column":3}},"106":{"start":{"line":309,"column":4},"end":{"line":309,"column":57}},"107":{"start":{"line":310,"column":4},"end":{"line":310,"column":57}},"108":{"start":{"line":322,"column":0},"end":{"line":342,"column":2}},"109":{"start":{"line":323,"column":2},"end":{"line":326,"column":11}},"110":{"start":{"line":328,"column":2},"end":{"line":339,"column":3}},"111":{"start":{"line":329,"column":4},"end":{"line":329,"column":15}},"112":{"start":{"line":330,"column":4},"end":{"line":330,"column":15}},"113":{"start":{"line":332,"column":4},"end":{"line":335,"column":5}},"114":{"start":{"line":333,"column":6},"end":{"line":333,"column":45}},"115":{"start":{"line":334,"column":6},"end":{"line":334,"column":45}},"116":{"start":{"line":337,"column":4},"end":{"line":337,"column":19}},"117":{"start":{"line":338,"column":4},"end":{"line":338,"column":19}},"118":{"start":{"line":341,"column":2},"end":{"line":341,"column":34}},"119":{"start":{"line":354,"column":0},"end":{"line":380,"column":1}},"120":{"start":{"line":355,"column":2},"end":{"line":355,"column":54}},"121":{"start":{"line":357,"column":2},"end":{"line":357,"column":50}},"122":{"start":{"line":359,"column":2},"end":{"line":359,"column":16}},"123":{"start":{"line":360,"column":2},"end":{"line":360,"column":28}},"124":{"start":{"line":362,"column":2},"end":{"line":362,"column":8}},"125":{"start":{"line":364,"column":2},"end":{"line":371,"column":3}},"126":{"start":{"line":365,"column":4},"end":{"line":367,"column":5}},"127":{"start":{"line":366,"column":6},"end":{"line":366,"column":64}},"128":{"start":{"line":369,"column":4},"end":{"line":369,"column":23}},"129":{"start":{"line":370,"column":4},"end":{"line":370,"column":19}},"130":{"start":{"line":373,"column":2},"end":{"line":373,"column":47}},"131":{"start":{"line":374,"column":2},"end":{"line":374,"column":47}},"132":{"start":{"line":376,"column":2},"end":{"line":379,"column":3}},"133":{"start":{"line":377,"column":4},"end":{"line":377,"column":44}},"134":{"start":{"line":378,"column":4},"end":{"line":378,"column":44}},"135":{"start":{"line":390,"column":0},"end":{"line":455,"column":2}},"136":{"start":{"line":392,"column":2},"end":{"line":398,"column":38}},"137":{"start":{"line":400,"column":2},"end":{"line":400,"column":54}},"138":{"start":{"line":402,"column":2},"end":{"line":402,"column":92}},"139":{"start":{"line":402,"column":39},"end":{"line":402,"column":90}},"140":{"start":{"line":403,"column":2},"end":{"line":403,"column":161}},"141":{"start":{"line":403,"column":39},"end":{"line":403,"column":159}},"142":{"start":{"line":405,"column":2},"end":{"line":414,"column":8}},"143":{"start":{"line":416,"column":2},"end":{"line":419,"column":3}},"144":{"start":{"line":417,"column":4},"end":{"line":417,"column":38}},"145":{"start":{"line":418,"column":4},"end":{"line":418,"column":16}},"146":{"start":{"line":421,"column":2},"end":{"line":452,"column":3}},"147":{"start":{"line":424,"column":4},"end":{"line":424,"column":44}},"148":{"start":{"line":425,"column":4},"end":{"line":425,"column":44}},"149":{"start":{"line":427,"column":4},"end":{"line":427,"column":30}},"150":{"start":{"line":428,"column":4},"end":{"line":428,"column":30}},"151":{"start":{"line":430,"column":4},"end":{"line":449,"column":5}},"152":{"start":{"line":431,"column":6},"end":{"line":431,"column":18}},"153":{"start":{"line":433,"column":6},"end":{"line":444,"column":7}},"154":{"start":{"line":434,"column":8},"end":{"line":434,"column":27}},"155":{"start":{"line":435,"column":8},"end":{"line":435,"column":87}},"156":{"start":{"line":436,"column":8},"end":{"line":436,"column":87}},"157":{"start":{"line":438,"column":8},"end":{"line":438,"column":33}},"158":{"start":{"line":439,"column":8},"end":{"line":439,"column":33}},"159":{"start":{"line":440,"column":8},"end":{"line":440,"column":22}},"160":{"start":{"line":441,"column":8},"end":{"line":441,"column":22}},"161":{"start":{"line":443,"column":8},"end":{"line":443,"column":27}},"162":{"start":{"line":446,"column":6},"end":{"line":446,"column":38}},"163":{"start":{"line":447,"column":6},"end":{"line":447,"column":108}},"164":{"start":{"line":448,"column":6},"end":{"line":448,"column":108}},"165":{"start":{"line":451,"column":4},"end":{"line":451,"column":29}},"166":{"start":{"line":454,"column":2},"end":{"line":454,"column":34}},"167":{"start":{"line":457,"column":0},"end":{"line":530,"column":2}},"168":{"start":{"line":459,"column":2},"end":{"line":463,"column":38}},"169":{"start":{"line":465,"column":6},"end":{"line":465,"column":31}},"170":{"start":{"line":466,"column":6},"end":{"line":466,"column":31}},"171":{"start":{"line":468,"column":2},"end":{"line":477,"column":8}},"172":{"start":{"line":479,"column":2},"end":{"line":481,"column":3}},"173":{"start":{"line":480,"column":4},"end":{"line":480,"column":18}},"174":{"start":{"line":483,"column":2},"end":{"line":483,"column":45}},"175":{"start":{"line":484,"column":2},"end":{"line":484,"column":45}},"176":{"start":{"line":486,"column":2},"end":{"line":489,"column":3}},"177":{"start":{"line":487,"column":4},"end":{"line":487,"column":39}},"178":{"start":{"line":488,"column":4},"end":{"line":488,"column":39}},"179":{"start":{"line":491,"column":2},"end":{"line":491,"column":17}},"180":{"start":{"line":492,"column":2},"end":{"line":492,"column":17}},"181":{"start":{"line":494,"column":2},"end":{"line":522,"column":3}},"182":{"start":{"line":495,"column":4},"end":{"line":495,"column":44}},"183":{"start":{"line":496,"column":4},"end":{"line":496,"column":44}},"184":{"start":{"line":497,"column":4},"end":{"line":497,"column":30}},"185":{"start":{"line":498,"column":4},"end":{"line":498,"column":30}},"186":{"start":{"line":500,"column":4},"end":{"line":519,"column":5}},"187":{"start":{"line":501,"column":6},"end":{"line":501,"column":18}},"188":{"start":{"line":503,"column":6},"end":{"line":514,"column":7}},"189":{"start":{"line":504,"column":8},"end":{"line":504,"column":27}},"190":{"start":{"line":505,"column":8},"end":{"line":505,"column":87}},"191":{"start":{"line":506,"column":8},"end":{"line":506,"column":87}},"192":{"start":{"line":508,"column":8},"end":{"line":508,"column":33}},"193":{"start":{"line":509,"column":8},"end":{"line":509,"column":33}},"194":{"start":{"line":510,"column":8},"end":{"line":510,"column":22}},"195":{"start":{"line":511,"column":8},"end":{"line":511,"column":22}},"196":{"start":{"line":513,"column":8},"end":{"line":513,"column":27}},"197":{"start":{"line":516,"column":6},"end":{"line":516,"column":38}},"198":{"start":{"line":517,"column":6},"end":{"line":517,"column":108}},"199":{"start":{"line":518,"column":6},"end":{"line":518,"column":108}},"200":{"start":{"line":521,"column":4},"end":{"line":521,"column":29}},"201":{"start":{"line":524,"column":2},"end":{"line":524,"column":44}},"202":{"start":{"line":525,"column":2},"end":{"line":527,"column":3}},"203":{"start":{"line":526,"column":4},"end":{"line":526,"column":37}},"204":{"start":{"line":529,"column":2},"end":{"line":529,"column":16}},"205":{"start":{"line":555,"column":0},"end":{"line":626,"column":1}},"206":{"start":{"line":556,"column":2},"end":{"line":556,"column":54}},"207":{"start":{"line":558,"column":2},"end":{"line":558,"column":44}},"208":{"start":{"line":560,"column":2},"end":{"line":560,"column":50}},"209":{"start":{"line":563,"column":2},"end":{"line":591,"column":4}},"210":{"start":{"line":564,"column":4},"end":{"line":567,"column":24}},"211":{"start":{"line":569,"column":4},"end":{"line":569,"column":24}},"212":{"start":{"line":571,"column":4},"end":{"line":589,"column":27}},"213":{"start":{"line":572,"column":6},"end":{"line":572,"column":20}},"214":{"start":{"line":573,"column":6},"end":{"line":573,"column":26}},"215":{"start":{"line":574,"column":6},"end":{"line":574,"column":26}},"216":{"start":{"line":576,"column":6},"end":{"line":576,"column":10}},"217":{"start":{"line":578,"column":6},"end":{"line":578,"column":24}},"218":{"start":{"line":579,"column":6},"end":{"line":579,"column":42}},"219":{"start":{"line":581,"column":6},"end":{"line":587,"column":7}},"220":{"start":{"line":582,"column":8},"end":{"line":582,"column":32}},"221":{"start":{"line":583,"column":8},"end":{"line":583,"column":32}},"222":{"start":{"line":585,"column":8},"end":{"line":585,"column":36}},"223":{"start":{"line":586,"column":8},"end":{"line":586,"column":36}},"224":{"start":{"line":588,"column":6},"end":{"line":588,"column":10}},"225":{"start":{"line":590,"column":4},"end":{"line":590,"column":28}},"226":{"start":{"line":593,"column":2},"end":{"line":623,"column":4}},"227":{"start":{"line":594,"column":4},"end":{"line":597,"column":24}},"228":{"start":{"line":599,"column":4},"end":{"line":599,"column":29}},"229":{"start":{"line":601,"column":4},"end":{"line":620,"column":27}},"230":{"start":{"line":602,"column":6},"end":{"line":602,"column":20}},"231":{"start":{"line":604,"column":6},"end":{"line":604,"column":31}},"232":{"start":{"line":605,"column":6},"end":{"line":605,"column":31}},"233":{"start":{"line":607,"column":6},"end":{"line":607,"column":10}},"234":{"start":{"line":609,"column":6},"end":{"line":609,"column":24}},"235":{"start":{"line":610,"column":6},"end":{"line":610,"column":42}},"236":{"start":{"line":612,"column":6},"end":{"line":618,"column":7}},"237":{"start":{"line":613,"column":8},"end":{"line":613,"column":33}},"238":{"start":{"line":614,"column":8},"end":{"line":614,"column":33}},"239":{"start":{"line":616,"column":8},"end":{"line":616,"column":41}},"240":{"start":{"line":617,"column":8},"end":{"line":617,"column":41}},"241":{"start":{"line":619,"column":6},"end":{"line":619,"column":10}},"242":{"start":{"line":622,"column":4},"end":{"line":622,"column":33}},"243":{"start":{"line":625,"column":2},"end":{"line":625,"column":30}},"244":{"start":{"line":642,"column":0},"end":{"line":829,"column":2}},"245":{"start":{"line":643,"column":2},"end":{"line":656,"column":22}},"246":{"start":{"line":658,"column":2},"end":{"line":658,"column":36}},"247":{"start":{"line":668,"column":2},"end":{"line":676,"column":3}},"248":{"start":{"line":669,"column":4},"end":{"line":674,"column":5}},"249":{"start":{"line":671,"column":6},"end":{"line":671,"column":28}},"250":{"start":{"line":672,"column":6},"end":{"line":672,"column":23}},"251":{"start":{"line":673,"column":6},"end":{"line":673,"column":20}},"252":{"start":{"line":675,"column":4},"end":{"line":675,"column":18}},"253":{"start":{"line":678,"column":2},"end":{"line":678,"column":9}},"254":{"start":{"line":679,"column":2},"end":{"line":679,"column":15}},"255":{"start":{"line":681,"column":2},"end":{"line":811,"column":3}},"256":{"start":{"line":682,"column":4},"end":{"line":682,"column":11}},"257":{"start":{"line":683,"column":4},"end":{"line":683,"column":17}},"258":{"start":{"line":684,"column":4},"end":{"line":684,"column":17}},"259":{"start":{"line":685,"column":4},"end":{"line":685,"column":18}},"260":{"start":{"line":686,"column":4},"end":{"line":686,"column":18}},"261":{"start":{"line":687,"column":4},"end":{"line":742,"column":21}},"262":{"start":{"line":688,"column":6},"end":{"line":738,"column":7}},"263":{"start":{"line":689,"column":8},"end":{"line":722,"column":9}},"264":{"start":{"line":690,"column":10},"end":{"line":690,"column":18}},"265":{"start":{"line":691,"column":10},"end":{"line":691,"column":23}},"266":{"start":{"line":692,"column":10},"end":{"line":692,"column":23}},"267":{"start":{"line":693,"column":10},"end":{"line":693,"column":23}},"268":{"start":{"line":696,"column":10},"end":{"line":696,"column":29}},"269":{"start":{"line":697,"column":10},"end":{"line":697,"column":25}},"270":{"start":{"line":699,"column":10},"end":{"line":699,"column":29}},"271":{"start":{"line":700,"column":10},"end":{"line":700,"column":22}},"272":{"start":{"line":702,"column":10},"end":{"line":702,"column":19}},"273":{"start":{"line":703,"column":10},"end":{"line":703,"column":19}},"274":{"start":{"line":704,"column":10},"end":{"line":704,"column":19}},"275":{"start":{"line":705,"column":10},"end":{"line":705,"column":19}},"276":{"start":{"line":708,"column":10},"end":{"line":708,"column":29}},"277":{"start":{"line":709,"column":10},"end":{"line":709,"column":29}},"278":{"start":{"line":711,"column":10},"end":{"line":711,"column":34}},"279":{"start":{"line":712,"column":10},"end":{"line":712,"column":29}},"280":{"start":{"line":715,"column":10},"end":{"line":715,"column":22}},"281":{"start":{"line":716,"column":10},"end":{"line":716,"column":27}},"282":{"start":{"line":717,"column":10},"end":{"line":717,"column":27}},"283":{"start":{"line":720,"column":10},"end":{"line":720,"column":29}},"284":{"start":{"line":721,"column":10},"end":{"line":721,"column":22}},"285":{"start":{"line":724,"column":8},"end":{"line":737,"column":9}},"286":{"start":{"line":725,"column":10},"end":{"line":725,"column":18}},"287":{"start":{"line":726,"column":10},"end":{"line":726,"column":23}},"288":{"start":{"line":727,"column":10},"end":{"line":727,"column":23}},"289":{"start":{"line":728,"column":10},"end":{"line":728,"column":23}},"290":{"start":{"line":731,"column":10},"end":{"line":731,"column":29}},"291":{"start":{"line":732,"column":10},"end":{"line":732,"column":25}},"292":{"start":{"line":735,"column":10},"end":{"line":735,"column":29}},"293":{"start":{"line":736,"column":10},"end":{"line":736,"column":22}},"294":{"start":{"line":740,"column":6},"end":{"line":740,"column":26}},"295":{"start":{"line":741,"column":6},"end":{"line":741,"column":19}},"296":{"start":{"line":744,"column":4},"end":{"line":744,"column":20}},"297":{"start":{"line":746,"column":4},"end":{"line":810,"column":5}},"298":{"start":{"line":747,"column":6},"end":{"line":747,"column":16}},"299":{"start":{"line":748,"column":6},"end":{"line":748,"column":24}},"300":{"start":{"line":749,"column":6},"end":{"line":749,"column":24}},"301":{"start":{"line":752,"column":6},"end":{"line":752,"column":33}},"302":{"start":{"line":753,"column":6},"end":{"line":753,"column":33}},"303":{"start":{"line":755,"column":6},"end":{"line":755,"column":13}},"304":{"start":{"line":755,"column":14},"end":{"line":755,"column":27}},"305":{"start":{"line":756,"column":6},"end":{"line":809,"column":23}},"306":{"start":{"line":757,"column":8},"end":{"line":804,"column":9}},"307":{"start":{"line":758,"column":10},"end":{"line":758,"column":22}},"308":{"start":{"line":759,"column":10},"end":{"line":759,"column":23}},"309":{"start":{"line":760,"column":10},"end":{"line":760,"column":23}},"310":{"start":{"line":761,"column":10},"end":{"line":761,"column":23}},"311":{"start":{"line":763,"column":10},"end":{"line":763,"column":27}},"312":{"start":{"line":764,"column":10},"end":{"line":764,"column":23}},"313":{"start":{"line":765,"column":10},"end":{"line":765,"column":23}},"314":{"start":{"line":766,"column":10},"end":{"line":766,"column":23}},"315":{"start":{"line":770,"column":10},"end":{"line":770,"column":37}},"316":{"start":{"line":771,"column":10},"end":{"line":771,"column":37}},"317":{"start":{"line":774,"column":10},"end":{"line":774,"column":37}},"318":{"start":{"line":775,"column":10},"end":{"line":775,"column":37}},"319":{"start":{"line":778,"column":10},"end":{"line":778,"column":24}},"320":{"start":{"line":779,"column":10},"end":{"line":779,"column":19}},"321":{"start":{"line":780,"column":10},"end":{"line":780,"column":19}},"322":{"start":{"line":784,"column":10},"end":{"line":784,"column":29}},"323":{"start":{"line":785,"column":10},"end":{"line":785,"column":29}},"324":{"start":{"line":788,"column":10},"end":{"line":788,"column":24}},"325":{"start":{"line":789,"column":10},"end":{"line":789,"column":19}},"326":{"start":{"line":790,"column":10},"end":{"line":790,"column":19}},"327":{"start":{"line":794,"column":10},"end":{"line":794,"column":29}},"328":{"start":{"line":795,"column":10},"end":{"line":795,"column":29}},"329":{"start":{"line":798,"column":10},"end":{"line":798,"column":29}},"330":{"start":{"line":799,"column":10},"end":{"line":799,"column":22}},"331":{"start":{"line":802,"column":10},"end":{"line":802,"column":29}},"332":{"start":{"line":803,"column":10},"end":{"line":803,"column":22}},"333":{"start":{"line":806,"column":8},"end":{"line":806,"column":28}},"334":{"start":{"line":807,"column":8},"end":{"line":807,"column":21}},"335":{"start":{"line":813,"column":2},"end":{"line":824,"column":3}},"336":{"start":{"line":814,"column":4},"end":{"line":814,"column":16}},"337":{"start":{"line":815,"column":4},"end":{"line":815,"column":20}},"338":{"start":{"line":816,"column":4},"end":{"line":816,"column":48}},"339":{"start":{"line":818,"column":4},"end":{"line":821,"column":5}},"340":{"start":{"line":819,"column":6},"end":{"line":819,"column":24}},"341":{"start":{"line":820,"column":6},"end":{"line":820,"column":22}},"342":{"start":{"line":823,"column":4},"end":{"line":823,"column":22}},"343":{"start":{"line":826,"column":2},"end":{"line":826,"column":27}},"344":{"start":{"line":828,"column":2},"end":{"line":828,"column":18}},"345":{"start":{"line":831,"column":0},"end":{"line":879,"column":1}},"346":{"start":{"line":832,"column":2},"end":{"line":832,"column":19}},"347":{"start":{"line":833,"column":2},"end":{"line":833,"column":31}},"348":{"start":{"line":834,"column":2},"end":{"line":834,"column":31}},"349":{"start":{"line":835,"column":2},"end":{"line":835,"column":35}},"350":{"start":{"line":836,"column":2},"end":{"line":836,"column":35}},"351":{"start":{"line":837,"column":2},"end":{"line":837,"column":35}},"352":{"start":{"line":838,"column":2},"end":{"line":838,"column":35}},"353":{"start":{"line":839,"column":2},"end":{"line":839,"column":41}},"354":{"start":{"line":840,"column":2},"end":{"line":840,"column":26}},"355":{"start":{"line":841,"column":2},"end":{"line":841,"column":23}},"356":{"start":{"line":842,"column":2},"end":{"line":842,"column":49}},"357":{"start":{"line":843,"column":2},"end":{"line":843,"column":22}},"358":{"start":{"line":844,"column":2},"end":{"line":844,"column":25}},"359":{"start":{"line":845,"column":2},"end":{"line":845,"column":22}},"360":{"start":{"line":846,"column":2},"end":{"line":846,"column":27}},"361":{"start":{"line":847,"column":2},"end":{"line":847,"column":24}},"362":{"start":{"line":848,"column":2},"end":{"line":848,"column":56}},"363":{"start":{"line":849,"column":2},"end":{"line":849,"column":22}},"364":{"start":{"line":850,"column":2},"end":{"line":850,"column":28}},"365":{"start":{"line":851,"column":2},"end":{"line":851,"column":22}},"366":{"start":{"line":853,"column":2},"end":{"line":853,"column":64}},"367":{"start":{"line":854,"column":2},"end":{"line":854,"column":18}},"368":{"start":{"line":856,"column":2},"end":{"line":861,"column":4}},"369":{"start":{"line":857,"column":4},"end":{"line":857,"column":60}},"370":{"start":{"line":858,"column":4},"end":{"line":860,"column":5}},"371":{"start":{"line":859,"column":6},"end":{"line":859,"column":35}},"372":{"start":{"line":863,"column":2},"end":{"line":867,"column":4}},"373":{"start":{"line":865,"column":4},"end":{"line":865,"column":50}},"374":{"start":{"line":866,"column":4},"end":{"line":866,"column":23}},"375":{"start":{"line":869,"column":2},"end":{"line":871,"column":4}},"376":{"start":{"line":870,"column":4},"end":{"line":870,"column":35}},"377":{"start":{"line":873,"column":2},"end":{"line":873,"column":71}},"378":{"start":{"line":874,"column":2},"end":{"line":874,"column":69}},"379":{"start":{"line":875,"column":2},"end":{"line":875,"column":60}},"380":{"start":{"line":876,"column":2},"end":{"line":876,"column":21}},"381":{"start":{"line":877,"column":2},"end":{"line":877,"column":19}},"382":{"start":{"line":878,"column":2},"end":{"line":878,"column":15}},"383":{"start":{"line":881,"column":0},"end":{"line":884,"column":2}},"384":{"start":{"line":882,"column":2},"end":{"line":882,"column":37}},"385":{"start":{"line":883,"column":2},"end":{"line":883,"column":21}},"386":{"start":{"line":886,"column":0},"end":{"line":936,"column":2}},"387":{"start":{"line":887,"column":2},"end":{"line":887,"column":54}},"388":{"start":{"line":889,"column":2},"end":{"line":889,"column":92}},"389":{"start":{"line":890,"column":2},"end":{"line":890,"column":62}},"390":{"start":{"line":891,"column":2},"end":{"line":891,"column":58}},"391":{"start":{"line":892,"column":2},"end":{"line":892,"column":13}},"392":{"start":{"line":894,"column":2},"end":{"line":931,"column":3}},"393":{"start":{"line":895,"column":4},"end":{"line":929,"column":5}},"394":{"start":{"line":897,"column":8},"end":{"line":897,"column":89}},"395":{"start":{"line":898,"column":8},"end":{"line":902,"column":9}},"396":{"start":{"line":899,"column":10},"end":{"line":899,"column":72}},"397":{"start":{"line":901,"column":10},"end":{"line":901,"column":29}},"398":{"start":{"line":903,"column":8},"end":{"line":903,"column":14}},"399":{"start":{"line":906,"column":8},"end":{"line":906,"column":103}},"400":{"start":{"line":907,"column":8},"end":{"line":909,"column":9}},"401":{"start":{"line":908,"column":10},"end":{"line":908,"column":72}},"402":{"start":{"line":910,"column":8},"end":{"line":910,"column":14}},"403":{"start":{"line":913,"column":8},"end":{"line":913,"column":101}},"404":{"start":{"line":914,"column":8},"end":{"line":916,"column":9}},"405":{"start":{"line":915,"column":10},"end":{"line":915,"column":72}},"406":{"start":{"line":917,"column":8},"end":{"line":917,"column":14}},"407":{"start":{"line":920,"column":8},"end":{"line":924,"column":9}},"408":{"start":{"line":921,"column":10},"end":{"line":921,"column":105}},"409":{"start":{"line":923,"column":10},"end":{"line":923,"column":103}},"410":{"start":{"line":925,"column":8},"end":{"line":927,"column":9}},"411":{"start":{"line":926,"column":10},"end":{"line":926,"column":72}},"412":{"start":{"line":928,"column":8},"end":{"line":928,"column":14}},"413":{"start":{"line":930,"column":4},"end":{"line":930,"column":28}},"414":{"start":{"line":933,"column":2},"end":{"line":933,"column":20}},"415":{"start":{"line":935,"column":2},"end":{"line":935,"column":21}},"416":{"start":{"line":938,"column":0},"end":{"line":943,"column":2}},"417":{"start":{"line":939,"column":4},"end":{"line":939,"column":59}},"418":{"start":{"line":940,"column":4},"end":{"line":940,"column":31}},"419":{"start":{"line":941,"column":4},"end":{"line":941,"column":52}},"420":{"start":{"line":942,"column":4},"end":{"line":942,"column":65}},"421":{"start":{"line":945,"column":0},"end":{"line":948,"column":2}},"422":{"start":{"line":946,"column":2},"end":{"line":946,"column":28}},"423":{"start":{"line":947,"column":2},"end":{"line":947,"column":20}},"424":{"start":{"line":961,"column":0},"end":{"line":1014,"column":1}},"425":{"start":{"line":962,"column":2},"end":{"line":962,"column":30}},"426":{"start":{"line":963,"column":2},"end":{"line":963,"column":30}},"427":{"start":{"line":964,"column":2},"end":{"line":964,"column":31}},"428":{"start":{"line":965,"column":2},"end":{"line":965,"column":31}},"429":{"start":{"line":967,"column":2},"end":{"line":967,"column":22}},"430":{"start":{"line":969,"column":2},"end":{"line":969,"column":30}},"431":{"start":{"line":971,"column":2},"end":{"line":971,"column":48}},"432":{"start":{"line":973,"column":2},"end":{"line":973,"column":45}},"433":{"start":{"line":974,"column":2},"end":{"line":974,"column":23}},"434":{"start":{"line":976,"column":2},"end":{"line":993,"column":3}},"435":{"start":{"line":978,"column":6},"end":{"line":978,"column":38}},"436":{"start":{"line":979,"column":6},"end":{"line":979,"column":12}},"437":{"start":{"line":982,"column":6},"end":{"line":982,"column":33}},"438":{"start":{"line":983,"column":6},"end":{"line":983,"column":12}},"439":{"start":{"line":986,"column":6},"end":{"line":986,"column":36}},"440":{"start":{"line":987,"column":6},"end":{"line":987,"column":12}},"441":{"start":{"line":991,"column":6},"end":{"line":991,"column":34}},"442":{"start":{"line":992,"column":6},"end":{"line":992,"column":12}},"443":{"start":{"line":995,"column":2},"end":{"line":1003,"column":4}},"444":{"start":{"line":996,"column":4},"end":{"line":996,"column":61}},"445":{"start":{"line":997,"column":4},"end":{"line":997,"column":63}},"446":{"start":{"line":998,"column":4},"end":{"line":998,"column":40}},"447":{"start":{"line":1000,"column":4},"end":{"line":1002,"column":5}},"448":{"start":{"line":1001,"column":6},"end":{"line":1001,"column":86}},"449":{"start":{"line":1005,"column":2},"end":{"line":1007,"column":3}},"450":{"start":{"line":1006,"column":4},"end":{"line":1006,"column":30}},"451":{"start":{"line":1009,"column":2},"end":{"line":1011,"column":3}},"452":{"start":{"line":1010,"column":4},"end":{"line":1010,"column":29}},"453":{"start":{"line":1013,"column":2},"end":{"line":1013,"column":51}},"454":{"start":{"line":1021,"column":0},"end":{"line":1027,"column":2}},"455":{"start":{"line":1022,"column":2},"end":{"line":1026,"column":3}},"456":{"start":{"line":1023,"column":4},"end":{"line":1023,"column":31}},"457":{"start":{"line":1025,"column":4},"end":{"line":1025,"column":43}},"458":{"start":{"line":1034,"column":0},"end":{"line":1037,"column":2}},"459":{"start":{"line":1035,"column":2},"end":{"line":1035,"column":29}},"460":{"start":{"line":1036,"column":2},"end":{"line":1036,"column":53}},"461":{"start":{"line":1040,"column":0},"end":{"line":1047,"column":2}},"462":{"start":{"line":1041,"column":2},"end":{"line":1044,"column":3}},"463":{"start":{"line":1043,"column":4},"end":{"line":1043,"column":43}},"464":{"start":{"line":1046,"column":2},"end":{"line":1046,"column":21}},"465":{"start":{"line":1050,"column":0},"end":{"line":1067,"column":2}},"466":{"start":{"line":1051,"column":2},"end":{"line":1065,"column":3}},"467":{"start":{"line":1052,"column":4},"end":{"line":1054,"column":5}},"468":{"start":{"line":1053,"column":6},"end":{"line":1053,"column":12}},"469":{"start":{"line":1055,"column":4},"end":{"line":1055,"column":32}},"470":{"start":{"line":1066,"column":2},"end":{"line":1066,"column":21}},"471":{"start":{"line":1070,"column":0},"end":{"line":1072,"column":2}},"472":{"start":{"line":1071,"column":2},"end":{"line":1071,"column":27}},"473":{"start":{"line":1074,"column":0},"end":{"line":1076,"column":2}},"474":{"start":{"line":1075,"column":2},"end":{"line":1075,"column":37}},"475":{"start":{"line":1078,"column":0},"end":{"line":1080,"column":2}},"476":{"start":{"line":1079,"column":2},"end":{"line":1079,"column":55}},"477":{"start":{"line":1082,"column":0},"end":{"line":1098,"column":2}},"478":{"start":{"line":1083,"column":2},"end":{"line":1083,"column":54}},"479":{"start":{"line":1084,"column":2},"end":{"line":1084,"column":69}},"480":{"start":{"line":1085,"column":2},"end":{"line":1085,"column":13}},"481":{"start":{"line":1087,"column":2},"end":{"line":1093,"column":3}},"482":{"start":{"line":1091,"column":4},"end":{"line":1091,"column":50}},"483":{"start":{"line":1092,"column":4},"end":{"line":1092,"column":84}},"484":{"start":{"line":1095,"column":2},"end":{"line":1095,"column":20}},"485":{"start":{"line":1097,"column":2},"end":{"line":1097,"column":21}},"486":{"start":{"line":1100,"column":0},"end":{"line":1102,"column":2}},"487":{"start":{"line":1101,"column":2},"end":{"line":1101,"column":37}},"488":{"start":{"line":1104,"column":0},"end":{"line":1106,"column":2}},"489":{"start":{"line":1105,"column":2},"end":{"line":1105,"column":29}},"490":{"start":{"line":1108,"column":0},"end":{"line":1110,"column":2}},"491":{"start":{"line":1109,"column":2},"end":{"line":1109,"column":39}},"492":{"start":{"line":1112,"column":0},"end":{"line":1114,"column":2}},"493":{"start":{"line":1113,"column":2},"end":{"line":1113,"column":51}},"494":{"start":{"line":1116,"column":0},"end":{"line":1118,"column":2}},"495":{"start":{"line":1120,"column":0},"end":{"line":1147,"column":1}},"496":{"start":{"line":1121,"column":2},"end":{"line":1121,"column":31}},"497":{"start":{"line":1123,"column":2},"end":{"line":1123,"column":36}},"498":{"start":{"line":1124,"column":2},"end":{"line":1124,"column":35}},"499":{"start":{"line":1125,"column":2},"end":{"line":1125,"column":36}},"500":{"start":{"line":1126,"column":2},"end":{"line":1126,"column":37}},"501":{"start":{"line":1127,"column":2},"end":{"line":1127,"column":37}},"502":{"start":{"line":1128,"column":2},"end":{"line":1128,"column":34}},"503":{"start":{"line":1131,"column":2},"end":{"line":1131,"column":51}},"504":{"start":{"line":1132,"column":2},"end":{"line":1132,"column":51}},"505":{"start":{"line":1133,"column":2},"end":{"line":1133,"column":51}},"506":{"start":{"line":1134,"column":2},"end":{"line":1134,"column":51}},"507":{"start":{"line":1137,"column":2},"end":{"line":1142,"column":4}},"508":{"start":{"line":1138,"column":4},"end":{"line":1138,"column":60}},"509":{"start":{"line":1139,"column":4},"end":{"line":1139,"column":59}},"510":{"start":{"line":1140,"column":4},"end":{"line":1140,"column":61}},"511":{"start":{"line":1141,"column":4},"end":{"line":1141,"column":61}},"512":{"start":{"line":1144,"column":2},"end":{"line":1144,"column":16}},"513":{"start":{"line":1146,"column":2},"end":{"line":1146,"column":28}},"514":{"start":{"line":1149,"column":0},"end":{"line":1153,"column":2}},"515":{"start":{"line":1150,"column":2},"end":{"line":1150,"column":28}},"516":{"start":{"line":1151,"column":2},"end":{"line":1151,"column":61}},"517":{"start":{"line":1152,"column":2},"end":{"line":1152,"column":16}},"518":{"start":{"line":1156,"column":0},"end":{"line":1159,"column":2}},"519":{"start":{"line":1157,"column":2},"end":{"line":1157,"column":66}},"520":{"start":{"line":1158,"column":2},"end":{"line":1158,"column":16}},"521":{"start":{"line":1161,"column":0},"end":{"line":1175,"column":2}},"522":{"start":{"line":1162,"column":2},"end":{"line":1162,"column":20}},"523":{"start":{"line":1164,"column":2},"end":{"line":1172,"column":3}},"524":{"start":{"line":1165,"column":4},"end":{"line":1165,"column":80}},"525":{"start":{"line":1166,"column":9},"end":{"line":1172,"column":3}},"526":{"start":{"line":1167,"column":4},"end":{"line":1167,"column":115}},"527":{"start":{"line":1168,"column":9},"end":{"line":1172,"column":3}},"528":{"start":{"line":1169,"column":4},"end":{"line":1169,"column":34}},"529":{"start":{"line":1170,"column":9},"end":{"line":1172,"column":3}},"530":{"start":{"line":1171,"column":4},"end":{"line":1171,"column":135}},"531":{"start":{"line":1174,"column":2},"end":{"line":1174,"column":28}},"532":{"start":{"line":1177,"column":0},"end":{"line":1191,"column":2}},"533":{"start":{"line":1178,"column":2},"end":{"line":1178,"column":20}},"534":{"start":{"line":1180,"column":2},"end":{"line":1188,"column":3}},"535":{"start":{"line":1181,"column":4},"end":{"line":1181,"column":80}},"536":{"start":{"line":1182,"column":9},"end":{"line":1188,"column":3}},"537":{"start":{"line":1183,"column":4},"end":{"line":1183,"column":115}},"538":{"start":{"line":1184,"column":9},"end":{"line":1188,"column":3}},"539":{"start":{"line":1185,"column":4},"end":{"line":1185,"column":34}},"540":{"start":{"line":1186,"column":9},"end":{"line":1188,"column":3}},"541":{"start":{"line":1187,"column":4},"end":{"line":1187,"column":135}},"542":{"start":{"line":1190,"column":2},"end":{"line":1190,"column":19}},"543":{"start":{"line":1193,"column":0},"end":{"line":1201,"column":2}},"544":{"start":{"line":1194,"column":2},"end":{"line":1198,"column":3}},"545":{"start":{"line":1195,"column":4},"end":{"line":1195,"column":30}},"546":{"start":{"line":1197,"column":4},"end":{"line":1197,"column":28}},"547":{"start":{"line":1200,"column":2},"end":{"line":1200,"column":16}},"548":{"start":{"line":1204,"column":0},"end":{"line":1210,"column":2}},"549":{"start":{"line":1205,"column":2},"end":{"line":1209,"column":3}},"550":{"start":{"line":1206,"column":4},"end":{"line":1206,"column":17}},"551":{"start":{"line":1208,"column":4},"end":{"line":1208,"column":16}},"552":{"start":{"line":1212,"column":0},"end":{"line":1214,"column":2}},"553":{"start":{"line":1213,"column":2},"end":{"line":1213,"column":29}},"554":{"start":{"line":1216,"column":0},"end":{"line":1225,"column":1}},"555":{"start":{"line":1217,"column":2},"end":{"line":1217,"column":31}},"556":{"start":{"line":1219,"column":2},"end":{"line":1224,"column":3}},"557":{"start":{"line":1222,"column":6},"end":{"line":1222,"column":68}},"558":{"start":{"line":1223,"column":6},"end":{"line":1223,"column":12}},"559":{"start":{"line":1227,"column":0},"end":{"line":1231,"column":2}},"560":{"start":{"line":1229,"column":4},"end":{"line":1229,"column":28}},"561":{"start":{"line":1233,"column":0},"end":{"line":1237,"column":2}},"562":{"start":{"line":1235,"column":4},"end":{"line":1235,"column":31}},"563":{"start":{"line":1239,"column":0},"end":{"line":1241,"column":2}},"564":{"start":{"line":1240,"column":2},"end":{"line":1240,"column":41}},"565":{"start":{"line":1243,"column":0},"end":{"line":1245,"column":2}},"566":{"start":{"line":1244,"column":2},"end":{"line":1244,"column":28}},"567":{"start":{"line":1248,"column":0},"end":{"line":1254,"column":2}},"568":{"start":{"line":1249,"column":2},"end":{"line":1253,"column":3}},"569":{"start":{"line":1250,"column":4},"end":{"line":1250,"column":36}},"570":{"start":{"line":1252,"column":4},"end":{"line":1252,"column":29}},"571":{"start":{"line":1256,"column":0},"end":{"line":1302,"column":2}},"572":{"start":{"line":1257,"column":2},"end":{"line":1257,"column":31}},"573":{"start":{"line":1258,"column":2},"end":{"line":1258,"column":22}},"574":{"start":{"line":1259,"column":2},"end":{"line":1259,"column":22}},"575":{"start":{"line":1260,"column":2},"end":{"line":1260,"column":24}},"576":{"start":{"line":1262,"column":2},"end":{"line":1270,"column":4}},"577":{"start":{"line":1263,"column":4},"end":{"line":1263,"column":54}},"578":{"start":{"line":1264,"column":4},"end":{"line":1264,"column":86}},"579":{"start":{"line":1265,"column":4},"end":{"line":1265,"column":29}},"580":{"start":{"line":1266,"column":4},"end":{"line":1266,"column":60}},"581":{"start":{"line":1268,"column":4},"end":{"line":1268,"column":25}},"582":{"start":{"line":1269,"column":4},"end":{"line":1269,"column":31}},"583":{"start":{"line":1272,"column":2},"end":{"line":1272,"column":36}},"584":{"start":{"line":1274,"column":2},"end":{"line":1301,"column":4}},"585":{"start":{"line":1275,"column":4},"end":{"line":1300,"column":5}},"586":{"start":{"line":1276,"column":6},"end":{"line":1276,"column":62}},"587":{"start":{"line":1277,"column":6},"end":{"line":1277,"column":41}},"588":{"start":{"line":1278,"column":6},"end":{"line":1278,"column":32}},"589":{"start":{"line":1294,"column":6},"end":{"line":1299,"column":7}},"590":{"start":{"line":1295,"column":8},"end":{"line":1295,"column":104}},"591":{"start":{"line":1296,"column":8},"end":{"line":1296,"column":41}},"592":{"start":{"line":1298,"column":8},"end":{"line":1298,"column":34}},"593":{"start":{"line":1304,"column":0},"end":{"line":1306,"column":2}},"594":{"start":{"line":1305,"column":2},"end":{"line":1305,"column":27}},"595":{"start":{"line":1308,"column":0},"end":{"line":1326,"column":1}},"596":{"start":{"line":1309,"column":2},"end":{"line":1309,"column":19}},"597":{"start":{"line":1310,"column":2},"end":{"line":1310,"column":23}},"598":{"start":{"line":1311,"column":2},"end":{"line":1311,"column":29}},"599":{"start":{"line":1312,"column":2},"end":{"line":1312,"column":31}},"600":{"start":{"line":1314,"column":2},"end":{"line":1314,"column":27}},"601":{"start":{"line":1315,"column":2},"end":{"line":1315,"column":18}},"602":{"start":{"line":1316,"column":2},"end":{"line":1316,"column":18}},"603":{"start":{"line":1317,"column":2},"end":{"line":1317,"column":18}},"604":{"start":{"line":1318,"column":2},"end":{"line":1318,"column":18}},"605":{"start":{"line":1320,"column":2},"end":{"line":1323,"column":4}},"606":{"start":{"line":1321,"column":4},"end":{"line":1321,"column":83}},"607":{"start":{"line":1322,"column":4},"end":{"line":1322,"column":106}},"608":{"start":{"line":1325,"column":2},"end":{"line":1325,"column":36}},"609":{"start":{"line":1328,"column":0},"end":{"line":1356,"column":2}},"610":{"start":{"line":1329,"column":2},"end":{"line":1329,"column":20}},"611":{"start":{"line":1330,"column":2},"end":{"line":1330,"column":17}},"612":{"start":{"line":1332,"column":2},"end":{"line":1355,"column":3}},"613":{"start":{"line":1333,"column":4},"end":{"line":1333,"column":22}},"614":{"start":{"line":1336,"column":4},"end":{"line":1336,"column":36}},"615":{"start":{"line":1337,"column":4},"end":{"line":1337,"column":35}},"616":{"start":{"line":1338,"column":4},"end":{"line":1338,"column":23}},"617":{"start":{"line":1339,"column":4},"end":{"line":1339,"column":35}},"618":{"start":{"line":1340,"column":4},"end":{"line":1340,"column":32}},"619":{"start":{"line":1343,"column":4},"end":{"line":1343,"column":36}},"620":{"start":{"line":1344,"column":4},"end":{"line":1344,"column":35}},"621":{"start":{"line":1345,"column":4},"end":{"line":1345,"column":23}},"622":{"start":{"line":1346,"column":4},"end":{"line":1346,"column":35}},"623":{"start":{"line":1347,"column":4},"end":{"line":1347,"column":33}},"624":{"start":{"line":1349,"column":4},"end":{"line":1354,"column":5}},"625":{"start":{"line":1350,"column":6},"end":{"line":1350,"column":95}},"626":{"start":{"line":1351,"column":6},"end":{"line":1351,"column":39}},"627":{"start":{"line":1353,"column":6},"end":{"line":1353,"column":25}},"628":{"start":{"line":1358,"column":0},"end":{"line":1364,"column":2}},"629":{"start":{"line":1359,"column":2},"end":{"line":1363,"column":3}},"630":{"start":{"line":1360,"column":4},"end":{"line":1360,"column":29}},"631":{"start":{"line":1362,"column":4},"end":{"line":1362,"column":37}},"632":{"start":{"line":1366,"column":0},"end":{"line":1368,"column":2}},"633":{"start":{"line":1367,"column":2},"end":{"line":1367,"column":36}},"634":{"start":{"line":1372,"column":0},"end":{"line":1418,"column":1}},"635":{"start":{"line":1373,"column":2},"end":{"line":1373,"column":21}},"636":{"start":{"line":1375,"column":2},"end":{"line":1417,"column":3}},"637":{"start":{"line":1377,"column":6},"end":{"line":1377,"column":42}},"638":{"start":{"line":1378,"column":6},"end":{"line":1378,"column":12}},"639":{"start":{"line":1381,"column":6},"end":{"line":1381,"column":46}},"640":{"start":{"line":1382,"column":6},"end":{"line":1382,"column":12}},"641":{"start":{"line":1385,"column":6},"end":{"line":1385,"column":42}},"642":{"start":{"line":1386,"column":6},"end":{"line":1386,"column":38}},"643":{"start":{"line":1387,"column":6},"end":{"line":1387,"column":12}},"644":{"start":{"line":1390,"column":6},"end":{"line":1390,"column":40}},"645":{"start":{"line":1391,"column":6},"end":{"line":1391,"column":12}},"646":{"start":{"line":1394,"column":6},"end":{"line":1394,"column":39}},"647":{"start":{"line":1395,"column":6},"end":{"line":1395,"column":38}},"648":{"start":{"line":1396,"column":6},"end
[...]
mn":55}},"18":{"start":{"line":26,"column":12},"end":{"line":30,"column":15}},"19":{"start":{"line":27,"column":16},"end":{"line":29,"column":17}},"20":{"start":{"line":28,"column":20},"end":{"line":28,"column":28}},"21":{"start":{"line":31,"column":12},"end":{"line":31,"column":24}},"22":{"start":{"line":32,"column":12},"end":{"line":32,"column":30}},"23":{"start":{"line":34,"column":8},"end":{"line":42,"column":9}},"24":{"start":{"line":35,"column":12},"end":{"line":35,"column":54}},"25":{"start":{"line":36,"column":12},"end":{"line":41,"column":13}},"26":{"start":{"line":37,"column":16},"end":{"line":37,"column":59}},"27":{"start":{"line":38,"column":16},"end":{"line":38,"column":49}},"28":{"start":{"line":39,"column":16},"end":{"line":39,"column":62}},"29":{"start":{"line":40,"column":16},"end":{"line":40,"column":49}},"30":{"start":{"line":43,"column":8},"end":{"line":49,"column":9}},"31":{"start":{"line":44,"column":12},"end":{"line":44,"column":59}},"32":{"start":{"line":45,"column":12},"end":{"line":45,"column":36}},"33":{"start":{"line":46,"column":12},"end":{"line":46,"column":25}},"34":{"start":{"line":47,"column":12},"end":{"line":47,"column":25}},"35":{"start":{"line":48,"column":12},"end":{"line":48,"column":33}},"36":{"start":{"line":50,"column":8},"end":{"line":57,"column":9}},"37":{"start":{"line":51,"column":12},"end":{"line":51,"column":59}},"38":{"start":{"line":52,"column":12},"end":{"line":52,"column":35}},"39":{"start":{"line":53,"column":12},"end":{"line":53,"column":24}},"40":{"start":{"line":54,"column":12},"end":{"line":54,"column":34}},"41":{"start":{"line":55,"column":12},"end":{"line":55,"column":35}},"42":{"start":{"line":56,"column":12},"end":{"line":56,"column":41}},"43":{"start":{"line":58,"column":8},"end":{"line":65,"column":10}},"44":{"start":{"line":59,"column":12},"end":{"line":64,"column":13}},"45":{"start":{"line":60,"column":16},"end":{"line":60,"column":24}},"46":{"start":{"line":63,"column":16},"end":{"line":63,"column":23}},"47":{"start":{"line":66,"column":8},"end":{"line":79,"column":9}},"48":{"start":{"line":67,"column":12},"end":{"line":67,"column":46}},"49":{"start":{"line":68,"column":12},"end":{"line":68,"column":35}},"50":{"start":{"line":69,"column":12},"end":{"line":69,"column":46}},"51":{"start":{"line":70,"column":12},"end":{"line":78,"column":21}},"52":{"start":{"line":71,"column":16},"end":{"line":71,"column":64}},"53":{"start":{"line":72,"column":16},"end":{"line":77,"column":17}},"54":{"start":{"line":73,"column":20},"end":{"line":73,"column":70}},"55":{"start":{"line":76,"column":20},"end":{"line":76,"column":28}},"56":{"start":{"line":80,"column":8},"end":{"line":98,"column":9}},"57":{"start":{"line":81,"column":12},"end":{"line":87,"column":13}},"58":{"start":{"line":82,"column":16},"end":{"line":82,"column":33}},"59":{"start":{"line":83,"column":16},"end":{"line":85,"column":17}},"60":{"start":{"line":84,"column":20},"end":{"line":84,"column":32}},"61":{"start":{"line":86,"column":16},"end":{"line":86,"column":25}},"62":{"start":{"line":88,"column":12},"end":{"line":88,"column":64}},"63":{"start":{"line":89,"column":12},"end":{"line":89,"column":64}},"64":{"start":{"line":91,"column":12},"end":{"line":96,"column":14}},"65":{"start":{"line":92,"column":16},"end":{"line":95,"column":17}},"66":{"start":{"line":93,"column":20},"end":{"line":93,"column":64}},"67":{"start":{"line":94,"column":20},"end":{"line":94,"column":104}},"68":{"start":{"line":97,"column":12},"end":{"line":97,"column":60}},"69":{"start":{"line":99,"column":8},"end":{"line":149,"column":9}},"70":{"start":{"line":100,"column":12},"end":{"line":102,"column":13}},"71":{"start":{"line":101,"column":16},"end":{"line":101,"column":23}},"72":{"start":{"line":104,"column":12},"end":{"line":105,"column":23}},"73":{"start":{"line":105,"column":16},"end":{"line":105,"column":23}},"74":{"start":{"line":106,"column":12},"end":{"line":106,"column":57}},"75":{"start":{"line":107,"column":12},"end":{"line":107,"column":145}},"76":{"start":{"line":108,"column":12},"end":{"line":108,"column":55}},"77":{"start":{"line":109,"column":12},"end":{"line":109,"column":60}},"78":{"start":{"line":110,"column":12},"end":{"line":110,"column":56}},"79":{"start":{"line":114,"column":12},"end":{"line":114,"column":88}},"80":{"start":{"line":115,"column":12},"end":{"line":115,"column":86}},"81":{"start":{"line":116,"column":12},"end":{"line":119,"column":13}},"82":{"start":{"line":117,"column":16},"end":{"line":117,"column":68}},"83":{"start":{"line":118,"column":16},"end":{"line":118,"column":75}},"84":{"start":{"line":120,"column":12},"end":{"line":120,"column":68}},"85":{"start":{"line":121,"column":12},"end":{"line":121,"column":69}},"86":{"start":{"line":122,"column":12},"end":{"line":122,"column":63}},"87":{"start":{"line":123,"column":12},"end":{"line":123,"column":50}},"88":{"start":{"line":125,"column":12},"end":{"line":148,"column":13}},"89":{"start":{"line":126,"column":16},"end":{"line":126,"column":61}},"90":{"start":{"line":127,"column":16},"end":{"line":127,"column":53}},"91":{"start":{"line":129,"column":16},"end":{"line":129,"column":87}},"92":{"start":{"line":130,"column":16},"end":{"line":130,"column":88}},"93":{"start":{"line":131,"column":16},"end":{"line":131,"column":90}},"94":{"start":{"line":134,"column":16},"end":{"line":134,"column":61}},"95":{"start":{"line":135,"column":16},"end":{"line":135,"column":49}},"96":{"start":{"line":137,"column":16},"end":{"line":137,"column":87}},"97":{"start":{"line":139,"column":16},"end":{"line":142,"column":17}},"98":{"start":{"line":140,"column":20},"end":{"line":140,"column":108}},"99":{"start":{"line":141,"column":20},"end":{"line":141,"column":66}},"100":{"start":{"line":144,"column":16},"end":{"line":147,"column":97}},"101":{"start":{"line":145,"column":20},"end":{"line":145,"column":95}},"102":{"start":{"line":147,"column":20},"end":{"line":147,"column":97}},"103":{"start":{"line":150,"column":8},"end":{"line":150,"column":25}},"104":{"start":{"line":151,"column":8},"end":{"line":153,"column":9}},"105":{"start":{"line":152,"column":12},"end":{"line":152,"column":46}},"106":{"start":{"line":154,"column":8},"end":{"line":154,"column":52}},"107":{"start":{"line":155,"column":8},"end":{"line":198,"column":9}},"108":{"start":{"line":156,"column":12},"end":{"line":156,"column":70}},"109":{"start":{"line":157,"column":12},"end":{"line":157,"column":35}},"110":{"start":{"line":158,"column":12},"end":{"line":158,"column":59}},"111":{"start":{"line":159,"column":12},"end":{"line":168,"column":13}},"112":{"start":{"line":160,"column":16},"end":{"line":161,"column":46}},"113":{"start":{"line":161,"column":20},"end":{"line":161,"column":46}},"114":{"start":{"line":162,"column":16},"end":{"line":163,"column":46}},"115":{"start":{"line":163,"column":20},"end":{"line":163,"column":46}},"116":{"start":{"line":164,"column":16},"end":{"line":165,"column":46}},"117":{"start":{"line":165,"column":20},"end":{"line":165,"column":46}},"118":{"start":{"line":166,"column":16},"end":{"line":167,"column":46}},"119":{"start":{"line":167,"column":20},"end":{"line":167,"column":46}},"120":{"start":{"line":169,"column":12},"end":{"line":169,"column":31}},"121":{"start":{"line":170,"column":12},"end":{"line":170,"column":27}},"122":{"start":{"line":172,"column":12},"end":{"line":175,"column":13}},"123":{"start":{"line":173,"column":16},"end":{"line":173,"column":34}},"124":{"start":{"line":174,"column":16},"end":{"line":174,"column":25}},"125":{"start":{"line":176,"column":12},"end":{"line":176,"column":35}},"126":{"start":{"line":177,"column":12},"end":{"line":177,"column":35}},"127":{"start":{"line":178,"column":12},"end":{"line":178,"column":35}},"128":{"start":{"line":179,"column":12},"end":{"line":179,"column":35}},"129":{"start":{"line":180,"column":12},"end":{"line":180,"column":28}},"130":{"start":{"line":181,"column":12},"end":{"line":182,"column":76}},"131":{"start":{"line":182,"column":16},"end":{"line":182,"column":76}},"132":{"start":{"line":183,"column":12},"end":{"line":183,"column":28}},"133":{"start":{"line":184,"column":12},"end":{"line":184,"column":31}},"134":{"start":{"line":185,"column":12},"end":{"line":185,"column":46}},"135":{"start":{"line":186,"column":12},"end":{"line":186,"column":32}},"136":{"start":{"line":187,"column":12},"end":{"line":187,"column":24}},"137":{"start":{"line":188,"column":12},"end":{"line":196,"column":13}},"138":{"start":{"line":191,"column":16},"end":{"line":191,"column":42}},"139":{"start":{"line":192,"column":16},"end":{"line":195,"column":17}},"140":{"start":{"line":193,"column":20},"end":{"line":193,"column":40}},"141":{"start":{"line":194,"column":20},"end":{"line":194,"column":35}},"142":{"start":{"line":197,"column":12},"end":{"line":197,"column":65}},"143":{"start":{"line":200,"column":8},"end":{"line":200,"column":32}},"144":{"start":{"line":201,"column":8},"end":{"line":201,"column":36}},"145":{"start":{"line":202,"column":8},"end":{"line":202,"column":60}},"146":{"start":{"line":203,"column":8},"end":{"line":203,"column":69}},"147":{"start":{"line":204,"column":8},"end":{"line":204,"column":68}},"148":{"start":{"line":205,"column":8},"end":{"line":205,"column":23}},"149":{"start":{"line":206,"column":8},"end":{"line":208,"column":9}},"150":{"start":{"line":207,"column":12},"end":{"line":207,"column":112}},"151":{"start":{"line":210,"column":8},"end":{"line":210,"column":16}},"152":{"start":{"line":211,"column":8},"end":{"line":216,"column":9}},"153":{"start":{"line":212,"column":12},"end":{"line":214,"column":13}},"154":{"start":{"line":213,"column":16},"end":{"line":213,"column":74}},"155":{"start":{"line":217,"column":8},"end":{"line":219,"column":9}},"156":{"start":{"line":218,"column":12},"end":{"line":218,"column":44}},"157":{"start":{"line":220,"column":8},"end":{"line":236,"column":9}},"158":{"start":{"line":221,"column":12},"end":{"line":221,"column":76}},"159":{"start":{"line":222,"column":12},"end":{"line":222,"column":70}},"160":{"start":{"line":223,"column":12},"end":{"line":223,"column":68}},"161":{"start":{"line":224,"column":12},"end":{"line":224,"column":64}},"162":{"start":{"line":225,"column":12},"end":{"line":225,"column":48}},"163":{"start":{"line":226,"column":12},"end":{"line":226,"column":73}},"164":{"start":{"line":227,"column":12},"end":{"line":227,"column":66}},"165":{"start":{"line":228,"column":12},"end":{"line":228,"column":65}},"166":{"start":{"line":230,"column":12},"end":{"line":234,"column":14}},"167":{"start":{"line":235,"column":12},"end":{"line":235,"column":28}},"168":{"start":{"line":238,"column":8},"end":{"line":257,"column":9}},"169":{"start":{"line":239,"column":12},"end":{"line":239,"column":73}},"170":{"start":{"line":240,"column":12},"end":{"line":240,"column":34}},"171":{"start":{"line":241,"column":12},"end":{"line":241,"column":49}},"172":{"start":{"line":242,"column":12},"end":{"line":242,"column":41}},"173":{"start":{"line":243,"column":12},"end":{"line":243,"column":75}},"174":{"start":{"line":244,"column":12},"end":{"line":244,"column":46}},"175":{"start":{"line":245,"column":12},"end":{"line":245,"column":87}},"176":{"start":{"line":246,"column":12},"end":{"line":246,"column":49}},"177":{"start":{"line":247,"column":12},"end":{"line":249,"column":13}},"178":{"start":{"line":248,"column":16},"end":{"line":248,"column":59}},"179":{"start":{"line":250,"column":12},"end":{"line":250,"column":50}},"180":{"start":{"line":252,"column":12},"end":{"line":252,"column":53}},"181":{"start":{"line":253,"column":12},"end":{"line":253,"column":38}},"182":{"start":{"line":254,"column":12},"end":{"line":254,"column":50}},"183":{"start":{"line":255,"column":12},"end":{"line":255,"column":55}},"184":{"start":{"line":256,"column":12},"end":{"line":256,"column":19}},"185":{"start":{"line":258,"column":8},"end":{"line":260,"column":9}},"186":{"start":{"line":259,"column":12},"end":{"line":259,"column":54}},"187":{"start":{"line":261,"column":8},"end":{"line":278,"column":9}},"188":{"start":{"line":263,"column":12},"end":{"line":277,"column":14}},"189":{"start":{"line":264,"column":16},"end":{"line":264,"column":65}},"190":{"start":{"line":265,"column":16},"end":{"line":265,"column":73}},"191":{"start":{"line":266,"column":16},"end":{"line":266,"column":81}},"192":{"start":{"line":267,"column":16},"end":{"line":267,"column":64}},"193":{"start":{"line":268,"column":16},"end":{"line":268,"column":50}},"194":{"start":{"line":269,"column":16},"end":{"line":269,"column":47}},"195":{"start":{"line":271,"column":16},"end":{"line":271,"column":59}},"196":{"start":{"line":272,"column":16},"end":{"line":276,"column":17}},"197":{"start":{"line":273,"column":20},"end":{"line":273,"column":87}},"198":{"start":{"line":274,"column":20},"end":{"line":274,"column":58}},"199":{"start":{"line":275,"column":20},"end":{"line":275,"column":100}},"200":{"start":{"line":279,"column":8},"end":{"line":281,"column":9}},"201":{"start":{"line":280,"column":12},"end":{"line":280,"column":115}},"202":{"start":{"line":283,"column":8},"end":{"line":296,"column":9}},"203":{"start":{"line":285,"column":12},"end":{"line":287,"column":13}},"204":{"start":{"line":286,"column":16},"end":{"line":286,"column":99}},"205":{"start":{"line":288,"column":12},"end":{"line":290,"column":13}},"206":{"start":{"line":289,"column":16},"end":{"line":289,"column":38}},"207":{"start":{"line":292,"column":12},"end":{"line":295,"column":15}},"208":{"start":{"line":294,"column":16},"end":{"line":294,"column":31}}},"branchMap":{"1":{"line":22,"type":"if","locations":[{"start":{"line":22,"column":12},"end":{"line":22,"column":12}},{"start":{"line":22,"column":12},"end":{"line":22,"column":12}}]},"2":{"line":27,"type":"if","locations":[{"start":{"line":27,"column":16},"end":{"line":27,"column":16}},{"start":{"line":27,"column":16},"end":{"line":27,"column":16}}]},"3":{"line":59,"type":"if","locations":[{"start":{"line":59,"column":12},"end":{"line":59,"column":12}},{"start":{"line":59,"column":12},"end":{"line":59,"column":12}}]},"4":{"line":72,"type":"if","locations":[{"start":{"line":72,"column":16},"end":{"line":72,"column":16}},{"start":{"line":72,"column":16},"end":{"line":72,"column":16}}]},"5":{"line":92,"type":"if","locations":[{"start":{"line":92,"column":16},"end":{"line":92,"column":16}},{"start":{"line":92,"column":16},"end":{"line":92,"column":16}}]},"6":{"line":100,"type":"if","locations":[{"start":{"line":100,"column":12},"end":{"line":100,"column":12}},{"start":{"line":100,"column":12},"end":{"line":100,"column":12}}]},"7":{"line":104,"type":"if","locations":[{"start":{"line":104,"column":12},"end":{"line":104,"column":12}},{"start":{"line":104,"column":12},"end":{"line":104,"column":12}}]},"8":{"line":104,"type":"binary-expr","locations":[{"start":{"line":104,"column":16},"end":{"line":104,"column":41}},{"start":{"line":104,"column":45},"end":{"line":104,"column":79}},{"start":{"line":104,"column":83},"end":{"line":104,"column":119}}]},"9":{"line":104,"type":"binary-expr","locations":[{"start":{"line":104,"column":18},"end":{"line":104,"column":27}},{"start":{"line":104,"column":31},"end":{"line":104,"column":40}}]},"10":{"line":104,"type":"binary-expr","locations":[{"start":{"line":104,"column":47},"end":{"line":104,"column":60}},{"start":{"line":104,"column":64},"end":{"line":104,"column":78}}]},"11":{"line":104,"type":"binary-expr","locations":[{"start":{"line":104,"column":85},"end":{"line":104,"column":100}},{"start":{"line":104,"column":104},"end":{"line":104,"column":118}}]},"12":{"line":125,"type":"if","locations":[{"start":{"line":125,"column":12},"end":{"line":125,"column":12}},{"start":{"line":125,"column":12},"end":{"line":125,"column":12}}]},"13":{"line":139,"type":"if","locations":[{"start":{"line":139,"column":16},"end":{"line":139,"column":16}},{"start":{"line":139,"column":16},"end":{"line":139,"column":16}}]},"14":{"line":144,"type":"if","locations":[{"start":{"line":144,"column":16},"end":{"line":144,"column":16}},{"start":{"line":144,"column":16},"end":{"line":144,"column":16}}]},"15":{"line":151,"type":"if","locations":[{"start":{"line":151,"column":8},"end":{"line":151,"column":8}},{"start":{"line":151,"column":8},"end":{"line":151,"column":8}}]},"16":{"line":156,"type":"cond-expr","locations":[{"start":{"line":156,"column":55},"end":{"line":156,"column":62}},{"start":{"line":156,"column":65},"end":{"line":156,"column":69}}]},"17":{"line":160,"type":"if","locations":[{"start":{"line":160,"column":16},"end":{"line":160,"column":16}},{"start":{"line":160,"column":16},"end":{"line":160,"column":16}}]},"18":{"line":162,"type":"if","locations":[{"start":{"line":162,"column":16},"end":{"line":162,"column":16}},{"start":{"line":162,"column":16},"end":{"line":162,"column":16}}]},"19":{"line":164,"type":"if","locations":[{"start":{"line":164,"column":16},"end":{"line":164,"column":16}},{"start":{"line":164,"column":16},"end":{"line":164,"column":16}}]},"20":{"line":166,"type":"if","locations":[{"start":{"line":166,"column":16},"end":{"line":166,"column":16}},{"start":{"line":166,"column":16},"end":{"line":166,"column":16}}]},"21":{"line":192,"type":"if","locations":[{"start":{"line":192,"column":16},"end":{"line":192,"column":16}},{"start":{"line":192,"column":16},"end":{"line":192,"column":16}}]},"22":{"line":226,"type":"cond-expr","locations":[{"start":{"line":226,"column":45},"end":{"line":226,"column":57}},{"start":{"line":226,"column":60},"end":{"line":226,"column":72}}]},"23":{"line":247,"type":"if","locations":[{"start":{"line":247,"column":12},"end":{"line":247,"column":12}},{"start":{"line":247,"column":12},"end":{"line":247,"column":12}}]},"24":{"line":272,"type":"if","locations":[{"start":{"line":272,"column":16},"end":{"line":272,"column":16}},{"start":{"line":272,"column":16},"end":{"line":272,"column":16}}]},"25":{"line":285,"type":"if","locations":[{"start":{"line":285,"column":12},"end":{"line":285,"column":12}},{"start":{"line":285,"column":12},"end":{"line":285,"column":12}}]},"26":{"line":286,"type":"binary-expr","locations":[{"start":{"line":286,"column":41},"end":{"line":286,"column":69}},{"start":{"line":286,"column":73},"end":{"line":286,"column":98}}]},"27":{"line":288,"type":"if","locations":[{"start":{"line":288,"column":12},"end":{"line":288,"column":12}},{"start":{"line":288,"column":12},"end":{"line":288,"column":12}}]}},"l":{"1":1,"3":1,"8":1,"11":1,"12":1,"13":1,"14":1,"15":1,"16":1,"17":1,"18":1,"19":1,"20":1,"21":1,"22":0,"23":0,"25":0,"26":0,"27":0,"28":0,"31":0,"32":0,"34":1,"35":0,"36":0,"37":0,"38":0,"39":0,"40":0,"43":1,"44":0,"45":0,"46":0,"47":0,"48":0,"50":1,"51":0,"52":0,"53":0,"54":0,"55":0,"56":0,"58":1,"59":0,"60":0,"63":0,"66":1,"67":0,"68":0,"69":0,"70":0,"71":0,"72":0,"73":0,"76":0,"80":1,"81":1,"82":0,"83":0,"84":0,"86":0,"88":0,"89":0,"91":0,"92":0,"93":0,"94":0,"97":0,"99":1,"100":0,"101":0,"104":0,"105":0,"106":0,"107":0,"108":0,"109":0,"110":0,"114":0,"115":0,"116":0,"117":0,"118":0,"120":0,"121":0,"122":0,"123":0,"125":0,"126":0,"127":0,"129":0,"130":0,"131":0,"134":0,"135":0,"137":0,"139":0,"140":0,"141":0,"144":0,"145":0,"147":0,"150":1,"151":1,"152":0,"154":1,"155":1,"156":0,"157":0,"158":0,"159":0,"160":0,"161":0,"162":0,"163":0,"164":0,"165":0,"166":0,"167":0,"169":0,"170":0,"172":0,"173":0,"174":0,"176":0,"177":0,"178":0,"179":0,"180":0,"181":0,"182":0,"183":0,"184":0,"185":0,"186":0,"187":0,"188":0,"191":0,"192":0,"193":0,"194":0,"197":0,"200":1,"201":1,"202":1,"203":1,"204":1,"205":1,"206":1,"207":65536,"210":1,"211":1,"212":0,"213":0,"217":1,"218":0,"220":1,"221":0,"222":0,"223":0,"224":0,"225":0,"226":0,"227":0,"228":0,"230":0,"235":0,"238":1,"239":0,"240":0,"241":0,"242":0,"243":0,"244":0,"245":0,"246":0,"247":0,"248":0,"250":0,"252":0,"253":0,"254":0,"255":0,"256":0,"258":1,"259":0,"261":1,"263":0,"264":0,"265":0,"266":0,"267":0,"268":0,"269":0,"271":0,"272":0,"273":0,"274":0,"275":0,"279":1,"280":0,"283":1,"285":0,"286":0,"288":0,"289":0,"292":0,"294":0}}}
